# JRE version: Java(TM) SE Runtime Environment (8.0_20-b26) (build 1.8.0_20-b26)
# Java VM: Java HotSpot(TM) Server VM (25.20-b23 mixed mode linux-x86 )
Heap:
 PSYoungGen      total 46848K, used 1787K [0x91ac0000, 0x94a40000, 0xa7000000)
  eden space 45056K, 0% used [0x91ac0000,0x91ac0000,0x946c0000)
  from space 1792K, 99% used [0x946c0000,0x9487ed00,0x94880000)
  to   space 1792K, 0% used [0x94880000,0x94880000,0x94a40000)
 ParOldGen       total 30208K, used 27338K [0x67000000, 0x68d80000, 0x91ac0000)
  object space 30208K, 90% used [0x67000000,0x68ab2a00,0x68d80000)
 Metaspace       used 4329K, capacity 4356K, committed 4376K, reserved 4400K
GC Heap History (9 events):
Event: 3.582 GC heap before
{Heap before GC invocations=1 (full 0):
 PSYoungGen      total 13056K, used 11264K [0x91ac0000, 0x92940000, 0xa7000000)
  eden space 11264K, 100% used [0x91ac0000,0x925c0000,0x925c0000)
  from space 1792K, 0% used [0x92780000,0x92780000,0x92940000)
  to   space 1792K, 0% used [0x925c0000,0x925c0000,0x92780000)
 ParOldGen       total 30208K, used 0K [0x67000000, 0x68d80000, 0x91ac0000)
  object space 30208K, 0% used [0x67000000,0x67000000,0x68d80000)
 Metaspace       used 3217K, capacity 3388K, committed 3480K, reserved 4400K
Event: 3.620 GC heap after
Heap after GC invocations=1 (full 0):
 PSYoungGen      total 13056K, used 1780K [0x91ac0000, 0x93440000, 0xa7000000)
  eden space 11264K, 0% used [0x91ac0000,0x91ac0000,0x925c0000)
  from space 1792K, 99% used [0x925c0000,0x9277d330,0x92780000)
  to   space 1792K, 0% used [0x93280000,0x93280000,0x93440000)
 ParOldGen       total 30208K, used 1403K [0x67000000, 0x68d80000, 0x91ac0000)
  object space 30208K, 4% used [0x67000000,0x6715efd8,0x68d80000)
 Metaspace       used 3217K, capacity 3388K, committed 3480K, reserved 4400K
}
Event: 4.055 GC heap before
{Heap before GC invocations=2 (full 0):
 PSYoungGen      total 13056K, used 12869K [0x91ac0000, 0x93440000, 0xa7000000)
  eden space 11264K, 98% used [0x91ac0000,0x92594298,0x925c0000)
  from space 1792K, 99% used [0x925c0000,0x9277d330,0x92780000)
  to   space 1792K, 0% used [0x93280000,0x93280000,0x93440000)
 ParOldGen       total 30208K, used 1403K [0x67000000, 0x68d80000, 0x91ac0000)
  object space 30208K, 4% used [0x67000000,0x6715efd8,0x68d80000)
 Metaspace       used 3310K, capacity 3452K, committed 3480K, reserved 4400K
Event: 4.077 GC heap after
Heap after GC invocations=2 (full 0):
 PSYoungGen      total 24320K, used 1789K [0x91ac0000, 0x93440000, 0xa7000000)
  eden space 22528K, 0% used [0x91ac0000,0x91ac0000,0x930c0000)
  from space 1792K, 99% used [0x93280000,0x9343f730,0x93440000)
  to   space 1792K, 0% used [0x930c0000,0x930c0000,0x93280000)
 ParOldGen       total 30208K, used 4020K [0x67000000, 0x68d80000, 0x91ac0000)
  object space 30208K, 13% used [0x67000000,0x673ed3f0,0x68d80000)
 Metaspace       used 3310K, capacity 3452K, committed 3480K, reserved 4400K
}
Event: 5.394 GC heap before
{Heap before GC invocations=3 (full 0):
 PSYoungGen      total 24320K, used 24317K [0x91ac0000, 0x93440000, 0xa7000000)
  eden space 22528K, 100% used [0x91ac0000,0x930c0000,0x930c0000)
  from space 1792K, 99% used [0x93280000,0x9343f730,0x93440000)
  to   space 1792K, 0% used [0x930c0000,0x930c0000,0x93280000)
 ParOldGen       total 30208K, used 4020K [0x67000000, 0x68d80000, 0x91ac0000)
  object space 30208K, 13% used [0x67000000,0x673ed3f0,0x68d80000)
 Metaspace       used 4278K, capacity 4324K, committed 4376K, reserved 4400K
Event: 5.425 GC heap after
Heap after GC invocations=3 (full 0):
 PSYoungGen      total 24320K, used 1781K [0x91ac0000, 0x94a40000, 0xa7000000)
  eden space 22528K, 0% used [0x91ac0000,0x91ac0000,0x930c0000)
  from space 1792K, 99% used [0x930c0000,0x9327d468,0x93280000)
  to   space 1792K, 0% used [0x94880000,0x94880000,0x94a40000)
 ParOldGen       total 30208K, used 14576K [0x67000000, 0x68d80000, 0x91ac0000)
  object space 30208K, 48% used [0x67000000,0x67e3c060,0x68d80000)
 Metaspace       used 4278K, capacity 4324K, committed 4376K, reserved 4400K
}
Event: 5.685 GC heap before
{Heap before GC invocations=4 (full 0):
 PSYoungGen      total 24320K, used 24153K [0x91ac0000, 0x94a40000, 0xa7000000)
  eden space 22528K, 99% used [0x91ac0000,0x93099380,0x930c0000)
  from space 1792K, 99% used [0x930c0000,0x9327d468,0x93280000)
  to   space 1792K, 0% used [0x94880000,0x94880000,0x94a40000)
 ParOldGen       total 30208K, used 14576K [0x67000000, 0x68d80000, 0x91ac0000)
  object space 30208K, 48% used [0x67000000,0x67e3c060,0x68d80000)
 Metaspace       used 4315K, capacity 4356K, committed 4376K, reserved 4400K
Event: 5.702 GC heap after
Heap after GC invocations=4 (full 0):
 PSYoungGen      total 46848K, used 1475K [0x91ac0000, 0x94a40000, 0xa7000000)
  eden space 45056K, 0% used [0x91ac0000,0x91ac0000,0x946c0000)
  from space 1792K, 82% used [0x94880000,0x949f0cf8,0x94a40000)
  to   space 1792K, 0% used [0x946c0000,0x946c0000,0x94880000)
 ParOldGen       total 30208K, used 17625K [0x67000000, 0x68d80000, 0x91ac0000)
  object space 30208K, 58% used [0x67000000,0x68136618,0x68d80000)
 Metaspace       used 4315K, capacity 4356K, committed 4376K, reserved 4400K
}
Event: 6.131 GC heap before
{Heap before GC invocations=5 (full 0):
 PSYoungGen      total 46848K, used 46531K [0x91ac0000, 0x94a40000, 0xa7000000)
  eden space 45056K, 100% used [0x91ac0000,0x946c0000,0x946c0000)
  from space 1792K, 82% used [0x94880000,0x949f0cf8,0x94a40000)
  to   space 1792K, 0% used [0x946c0000,0x946c0000,0x94880000)
 ParOldGen       total 30208K, used 17625K [0x67000000, 0x68d80000, 0x91ac0000)
  object space 30208K, 58% used [0x67000000,0x68136618,0x68d80000)
 Metaspace       used 4329K, capacity 4356K, committed 4376K, reserved 4400K

