# JRE version: Java(TM) SE Runtime Environment (8.0_20-b26) (build 1.8.0_20-b26)
# Java VM: Java HotSpot(TM) Server VM (25.20-b23 mixed mode linux-x86 )
Heap:
 PSYoungGen      total 163072K, used 38634K [0x91ac0000, 0x9e600000, 0xa7000000)
  eden space 118016K, 0% used [0x91ac0000,0x91ac0000,0x98e00000)
  from space 45056K, 85% used [0x98e00000,0x9b3ba840,0x9ba00000)
  to   space 43264K, 0% used [0x9ba40000,0x9ba40000,0x9e480000)
 ParOldGen       total 103168K, used 50291K [0x67000000, 0x6d4c0000, 0x91ac0000)
  object space 103168K, 48% used [0x67000000,0x6a11ce18,0x6d4c0000)
 Metaspace       used 3479K, capacity 3580K, committed 3608K, reserved 4400K
GC Heap History (10 events):
Event: 7.193 GC heap after
Heap after GC invocations=7 (full 2):
 PSYoungGen      total 46848K, used 0K [0x91ac0000, 0x99180000, 0xa7000000)
  eden space 45056K, 0% used [0x91ac0000,0x91ac0000,0x946c0000)
  from space 1792K, 0% used [0x946c0000,0x946c0000,0x94880000)
  to   space 24320K, 0% used [0x979c0000,0x979c0000,0x99180000)
 ParOldGen       total 83712K, used 42826K [0x67000000, 0x6c1c0000, 0x91ac0000)
  object space 83712K, 51% used [0x67000000,0x699d2970,0x6c1c0000)
 Metaspace       used 3246K, capacity 3388K, committed 3480K, reserved 4400K
}
Event: 13.602 GC heap before
{Heap before GC invocations=8 (full 2):
 PSYoungGen      total 46848K, used 45056K [0x91ac0000, 0x99180000, 0xa7000000)
  eden space 45056K, 100% used [0x91ac0000,0x946c0000,0x946c0000)
  from space 1792K, 0% used [0x946c0000,0x946c0000,0x94880000)
  to   space 24320K, 0% used [0x979c0000,0x979c0000,0x99180000)
 ParOldGen       total 83712K, used 42826K [0x67000000, 0x6c1c0000, 0x91ac0000)
  object space 83712K, 51% used [0x67000000,0x699d2970,0x6c1c0000)
 Metaspace       used 3402K, capacity 3516K, committed 3608K, reserved 4400K
Event: 13.678 GC heap after
Heap after GC invocations=8 (full 2):
 PSYoungGen      total 90112K, used 13593K [0x91ac0000, 0x98cc0000, 0xa7000000)
  eden space 70656K, 0% used [0x91ac0000,0x91ac0000,0x95fc0000)
  from space 19456K, 69% used [0x979c0000,0x987066d8,0x98cc0000)
  to   space 23040K, 0% used [0x95fc0000,0x95fc0000,0x97640000)
 ParOldGen       total 83712K, used 42826K [0x67000000, 0x6c1c0000, 0x91ac0000)
  object space 83712K, 51% used [0x67000000,0x699d2970,0x6c1c0000)
 Metaspace       used 3402K, capacity 3516K, committed 3608K, reserved 4400K
}
Event: 13.945 GC heap before
{Heap before GC invocations=9 (full 2):
 PSYoungGen      total 90112K, used 84249K [0x91ac0000, 0x98cc0000, 0xa7000000)
  eden space 70656K, 100% used [0x91ac0000,0x95fc0000,0x95fc0000)
  from space 19456K, 69% used [0x979c0000,0x987066d8,0x98cc0000)
  to   space 23040K, 0% used [0x95fc0000,0x95fc0000,0x97640000)
 ParOldGen       total 83712K, used 42826K [0x67000000, 0x6c1c0000, 0x91ac0000)
  object space 83712K, 51% used [0x67000000,0x699d2970,0x6c1c0000)
 Metaspace       used 3402K, capacity 3516K, committed 3608K, reserved 4400K
Event: 14.110 GC heap after
Heap after GC invocations=9 (full 2):
 PSYoungGen      total 93696K, used 23037K [0x91ac0000, 0x9e480000, 0xa7000000)
  eden space 70656K, 0% used [0x91ac0000,0x91ac0000,0x95fc0000)
  from space 23040K, 99% used [0x95fc0000,0x9763f608,0x97640000)
  to   space 43264K, 0% used [0x9ba40000,0x9ba40000,0x9e480000)
 ParOldGen       total 83712K, used 75526K [0x67000000, 0x6c1c0000, 0x91ac0000)
  object space 83712K, 90% used [0x67000000,0x6b9c1970,0x6c1c0000)
 Metaspace       used 3402K, capacity 3516K, committed 3608K, reserved 4400K
}
Event: 14.110 GC heap before
{Heap before GC invocations=10 (full 3):
 PSYoungGen      total 93696K, used 23037K [0x91ac0000, 0x9e480000, 0xa7000000)
  eden space 70656K, 0% used [0x91ac0000,0x91ac0000,0x95fc0000)
  from space 23040K, 99% used [0x95fc0000,0x9763f608,0x97640000)
  to   space 43264K, 0% used [0x9ba40000,0x9ba40000,0x9e480000)
 ParOldGen       total 83712K, used 75526K [0x67000000, 0x6c1c0000, 0x91ac0000)
  object space 83712K, 90% used [0x67000000,0x6b9c1970,0x6c1c0000)
 Metaspace       used 3402K, capacity 3516K, committed 3608K, reserved 4400K
Event: 14.479 GC heap after
Heap after GC invocations=10 (full 3):
 PSYoungGen      total 93696K, used 0K [0x91ac0000, 0x9e480000, 0xa7000000)
  eden space 70656K, 0% used [0x91ac0000,0x91ac0000,0x95fc0000)
  from space 23040K, 0% used [0x95fc0000,0x95fc0000,0x97640000)
  to   space 43264K, 0% used [0x9ba40000,0x9ba40000,0x9e480000)
 ParOldGen       total 103168K, used 50283K [0x67000000, 0x6d4c0000, 0x91ac0000)
  object space 103168K, 48% used [0x67000000,0x6a11ae18,0x6d4c0000)
 Metaspace       used 3402K, capacity 3516K, committed 3608K, reserved 4400K
}
Event: 17.219 GC heap before
{Heap before GC invocations=11 (full 3):
 PSYoungGen      total 93696K, used 70656K [0x91ac0000, 0x9e480000, 0xa7000000)
  eden space 70656K, 100% used [0x91ac0000,0x95fc0000,0x95fc0000)
  from space 23040K, 0% used [0x95fc0000,0x95fc0000,0x97640000)
  to   space 43264K, 0% used [0x9ba40000,0x9ba40000,0x9e480000)
 ParOldGen       total 103168K, used 50283K [0x67000000, 0x6d4c0000, 0x91ac0000)
  object space 103168K, 48% used [0x67000000,0x6a11ae18,0x6d4c0000)
 Metaspace       used 3462K, capacity 3548K, committed 3608K, reserved 4400K
Event: 17.306 GC heap after
Heap after GC invocations=11 (full 3):
 PSYoungGen      total 161280K, used 29478K [0x91ac0000, 0x9e600000, 0xa7000000)
  eden space 118016K, 0% used [0x91ac0000,0x91ac0000,0x98e00000)
  from space 43264K, 68% used [0x9ba40000,0x9d709800,0x9e480000)
  to   space 45056K, 0% used [0x98e00000,0x98e00000,0x9ba00000)
 ParOldGen       total 103168K, used 50287K [0x67000000, 0x6d4c0000, 0x91ac0000)
  object space 103168K, 48% used [0x67000000,0x6a11be18,0x6d4c0000)
 Metaspace       used 3462K, capacity 3548K, committed 3608K, reserved 4400K
}
Event: 19.648 GC heap before
{Heap before GC invocations=12 (full 3):
 PSYoungGen      total 161280K, used 147494K [0x91ac0000, 0x9e600000, 0xa7000000)
  eden space 118016K, 100% used [0x91ac0000,0x98e00000,0x98e00000)
  from space 43264K, 68% used [0x9ba40000,0x9d709800,0x9e480000)
  to   space 45056K, 0% used [0x98e00000,0x98e00000,0x9ba00000)
 ParOldGen       total 103168K, used 50287K [0x67000000, 0x6d4c0000, 0x91ac0000)
  object space 103168K, 48% used [0x67000000,0x6a11be18,0x6d4c0000)
 Metaspace       used 3479K, capacity 3580K, committed 3608K, reserved 4400K

