# JRE version: Java(TM) SE Runtime Environment (8.0_20-b26) (build 1.8.0_20-b26)
# Java VM: Java HotSpot(TM) Server VM (25.20-b23 mixed mode linux-x86 )
Heap:
 PSYoungGen      total 98304K, used 11515K [0x91cc0000, 0x98ac0000, 0xa7200000)
  eden space 86784K, 0% used [0x91cc0000,0x91cc0000,0x97180000)
  from space 11520K, 99% used [0x97180000,0x97cbef10,0x97cc0000)
  to   space 8704K, 0% used [0x97cc0000,0x97cc0000,0x98540000)
 ParOldGen       total 30208K, used 28881K [0x67200000, 0x68f80000, 0x91cc0000)
  object space 30208K, 95% used [0x67200000,0x68e34590,0x68f80000)
 Metaspace       used 3712K, capacity 3742K, committed 3864K, reserved 4400K
GC Heap History (10 events):
Event: 5.105 GC heap after
Heap after GC invocations=4 (full 0):
 PSYoungGen      total 24320K, used 1787K [0x91cc0000, 0x93640000, 0xa7200000)
  eden space 22528K, 0% used [0x91cc0000,0x91cc0000,0x932c0000)
  from space 1792K, 99% used [0x93480000,0x9363eff0,0x93640000)
  to   space 1792K, 0% used [0x932c0000,0x932c0000,0x93480000)
 ParOldGen       total 30208K, used 6696K [0x67200000, 0x68f80000, 0x91cc0000)
  object space 30208K, 22% used [0x67200000,0x6788a278,0x68f80000)
 Metaspace       used 3556K, capacity 3644K, committed 3736K, reserved 4400K
}
Event: 6.229 GC heap before
{Heap before GC invocations=5 (full 0):
 PSYoungGen      total 24320K, used 24315K [0x91cc0000, 0x93640000, 0xa7200000)
  eden space 22528K, 100% used [0x91cc0000,0x932c0000,0x932c0000)
  from space 1792K, 99% used [0x93480000,0x9363eff0,0x93640000)
  to   space 1792K, 0% used [0x932c0000,0x932c0000,0x93480000)
 ParOldGen       total 30208K, used 6696K [0x67200000, 0x68f80000, 0x91cc0000)
  object space 30208K, 22% used [0x67200000,0x6788a278,0x68f80000)
 Metaspace       used 3646K, capacity 3676K, committed 3736K, reserved 4400K
Event: 6.278 GC heap after
Heap after GC invocations=5 (full 0):
 PSYoungGen      total 24320K, used 1790K [0x91cc0000, 0x952c0000, 0xa7200000)
  eden space 22528K, 0% used [0x91cc0000,0x91cc0000,0x932c0000)
  from space 1792K, 99% used [0x932c0000,0x9347fb70,0x93480000)
  to   space 5120K, 0% used [0x94dc0000,0x94dc0000,0x952c0000)
 ParOldGen       total 30208K, used 10011K [0x67200000, 0x68f80000, 0x91cc0000)
  object space 30208K, 33% used [0x67200000,0x67bc6ce8,0x68f80000)
 Metaspace       used 3646K, capacity 3676K, committed 3736K, reserved 4400K
}
Event: 6.985 GC heap before
{Heap before GC invocations=6 (full 0):
 PSYoungGen      total 24320K, used 24318K [0x91cc0000, 0x952c0000, 0xa7200000)
  eden space 22528K, 100% used [0x91cc0000,0x932c0000,0x932c0000)
  from space 1792K, 99% used [0x932c0000,0x9347fb70,0x93480000)
  to   space 5120K, 0% used [0x94dc0000,0x94dc0000,0x952c0000)
 ParOldGen       total 30208K, used 10011K [0x67200000, 0x68f80000, 0x91cc0000)
  object space 30208K, 33% used [0x67200000,0x67bc6ce8,0x68f80000)
 Metaspace       used 3650K, capacity 3676K, committed 3736K, reserved 4400K
Event: 7.043 GC heap after
Heap after GC invocations=6 (full 0):
 PSYoungGen      total 49920K, used 4531K [0x91cc0000, 0x95340000, 0xa7200000)
  eden space 44800K, 0% used [0x91cc0000,0x91cc0000,0x94880000)
  from space 5120K, 88% used [0x94dc0000,0x9522cca8,0x952c0000)
  to   space 5376K, 0% used [0x94880000,0x94880000,0x94dc0000)
 ParOldGen       total 30208K, used 10011K [0x67200000, 0x68f80000, 0x91cc0000)
  object space 30208K, 33% used [0x67200000,0x67bc6ce8,0x68f80000)
 Metaspace       used 3650K, capacity 3676K, committed 3736K, reserved 4400K
}
Event: 8.318 GC heap before
{Heap before GC invocations=7 (full 0):
 PSYoungGen      total 49920K, used 49331K [0x91cc0000, 0x95340000, 0xa7200000)
  eden space 44800K, 100% used [0x91cc0000,0x94880000,0x94880000)
  from space 5120K, 88% used [0x94dc0000,0x9522cca8,0x952c0000)
  to   space 5376K, 0% used [0x94880000,0x94880000,0x94dc0000)
 ParOldGen       total 30208K, used 10011K [0x67200000, 0x68f80000, 0x91cc0000)
  object space 30208K, 33% used [0x67200000,0x67bc6ce8,0x68f80000)
 Metaspace       used 3663K, capacity 3676K, committed 3736K, reserved 4400K
Event: 8.485 GC heap after
Heap after GC invocations=7 (full 0):
 PSYoungGen      total 50176K, used 5361K [0x91cc0000, 0x98540000, 0xa7200000)
  eden space 44800K, 0% used [0x91cc0000,0x91cc0000,0x94880000)
  from space 5376K, 99% used [0x94880000,0x94dbc458,0x94dc0000)
  to   space 8704K, 0% used [0x97cc0000,0x97cc0000,0x98540000)
 ParOldGen       total 30208K, used 15743K [0x67200000, 0x68f80000, 0x91cc0000)
  object space 30208K, 52% used [0x67200000,0x6815ff98,0x68f80000)
 Metaspace       used 3663K, capacity 3676K, committed 3736K, reserved 4400K
}
Event: 9.942 GC heap before
{Heap before GC invocations=8 (full 0):
 PSYoungGen      total 50176K, used 50161K [0x91cc0000, 0x98540000, 0xa7200000)
  eden space 44800K, 100% used [0x91cc0000,0x94880000,0x94880000)
  from space 5376K, 99% used [0x94880000,0x94dbc458,0x94dc0000)
  to   space 8704K, 0% used [0x97cc0000,0x97cc0000,0x98540000)
 ParOldGen       total 30208K, used 15743K [0x67200000, 0x68f80000, 0x91cc0000)
  object space 30208K, 52% used [0x67200000,0x6815ff98,0x68f80000)
 Metaspace       used 3689K, capacity 3708K, committed 3736K, reserved 4400K
Event: 10.074 GC heap after
Heap after GC invocations=8 (full 0):
 PSYoungGen      total 95488K, used 8700K [0x91cc0000, 0x98ac0000, 0xa7200000)
  eden space 86784K, 0% used [0x91cc0000,0x91cc0000,0x97180000)
  from space 8704K, 99% used [0x97cc0000,0x9853f008,0x98540000)
  to   space 11520K, 0% used [0x97180000,0x97180000,0x97cc0000)
 ParOldGen       total 30208K, used 19211K [0x67200000, 0x68f80000, 0x91cc0000)
  object space 30208K, 63% used [0x67200000,0x684c2c80,0x68f80000)
 Metaspace       used 3689K, capacity 3708K, committed 3736K, reserved 4400K
}
Event: 12.489 GC heap before
{Heap before GC invocations=9 (full 0):
 PSYoungGen      total 95488K, used 95484K [0x91cc0000, 0x98ac0000, 0xa7200000)
  eden space 86784K, 100% used [0x91cc0000,0x97180000,0x97180000)
  from space 8704K, 99% used [0x97cc0000,0x9853f008,0x98540000)
  to   space 11520K, 0% used [0x97180000,0x97180000,0x97cc0000)
 ParOldGen       total 30208K, used 19211K [0x67200000, 0x68f80000, 0x91cc0000)
  object space 30208K, 63% used [0x67200000,0x684c2c80,0x68f80000)
 Metaspace       used 3712K, capacity 3742K, committed 3864K, reserved 4400K

