# JRE version: Java(TM) SE Runtime Environment (8.0_20-b26) (build 1.8.0_20-b26)
# Java VM: Java HotSpot(TM) Server VM (25.20-b23 mixed mode linux-x86 )
Heap:
 PSYoungGen      total 46848K, used 27009K [0x91cc0000, 0x984c0000, 0xa7200000)
  eden space 45056K, 55% used [0x91cc0000,0x935637f8,0x948c0000)
  from space 1792K, 99% used [0x948c0000,0x94a7ccc8,0x94a80000)
  to   space 8192K, 0% used [0x97cc0000,0x97cc0000,0x984c0000)
 ParOldGen       total 30208K, used 16071K [0x67200000, 0x68f80000, 0x91cc0000)
  object space 30208K, 53% used [0x67200000,0x681b1ce0,0x68f80000)
 Metaspace       used 3675K, capacity 3708K, committed 3736K, reserved 4400K
GC Heap History (10 events):
Event: 3.161 GC heap before
{Heap before GC invocations=1 (full 0):
 PSYoungGen      total 13056K, used 11264K [0x91cc0000, 0x92b40000, 0xa7200000)
  eden space 11264K, 100% used [0x91cc0000,0x927c0000,0x927c0000)
  from space 1792K, 0% used [0x92980000,0x92980000,0x92b40000)
  to   space 1792K, 0% used [0x927c0000,0x927c0000,0x92980000)
 ParOldGen       total 30208K, used 0K [0x67200000, 0x68f80000, 0x91cc0000)
  object space 30208K, 0% used [0x67200000,0x67200000,0x68f80000)
 Metaspace       used 3257K, capacity 3388K, committed 3480K, reserved 4400K
Event: 3.194 GC heap after
Heap after GC invocations=1 (full 0):
 PSYoungGen      total 13056K, used 1786K [0x91cc0000, 0x93640000, 0xa7200000)
  eden space 11264K, 0% used [0x91cc0000,0x91cc0000,0x927c0000)
  from space 1792K, 99% used [0x927c0000,0x9297ead0,0x92980000)
  to   space 1792K, 0% used [0x93480000,0x93480000,0x93640000)
 ParOldGen       total 30208K, used 1342K [0x67200000, 0x68f80000, 0x91cc0000)
  object space 30208K, 4% used [0x67200000,0x6734f820,0x68f80000)
 Metaspace       used 3257K, capacity 3388K, committed 3480K, reserved 4400K
}
Event: 4.634 GC heap before
{Heap before GC invocations=2 (full 0):
 PSYoungGen      total 13056K, used 13050K [0x91cc0000, 0x93640000, 0xa7200000)
  eden space 11264K, 100% used [0x91cc0000,0x927c0000,0x927c0000)
  from space 1792K, 99% used [0x927c0000,0x9297ead0,0x92980000)
  to   space 1792K, 0% used [0x93480000,0x93480000,0x93640000)
 ParOldGen       total 30208K, used 1342K [0x67200000, 0x68f80000, 0x91cc0000)
  object space 30208K, 4% used [0x67200000,0x6734f820,0x68f80000)
 Metaspace       used 3426K, capacity 3516K, committed 3608K, reserved 4400K
Event: 4.745 GC heap after
Heap after GC invocations=2 (full 0):
 PSYoungGen      total 24320K, used 1786K [0x91cc0000, 0x93640000, 0xa7200000)
  eden space 22528K, 0% used [0x91cc0000,0x91cc0000,0x932c0000)
  from space 1792K, 99% used [0x93480000,0x9363eae0,0x93640000)
  to   space 1792K, 0% used [0x932c0000,0x932c0000,0x93480000)
 ParOldGen       total 30208K, used 3017K [0x67200000, 0x68f80000, 0x91cc0000)
  object space 30208K, 9% used [0x67200000,0x674f2708,0x68f80000)
 Metaspace       used 3426K, capacity 3516K, committed 3608K, reserved 4400K
}
Event: 6.943 GC heap before
{Heap before GC invocations=3 (full 0):
 PSYoungGen      total 24320K, used 24314K [0x91cc0000, 0x93640000, 0xa7200000)
  eden space 22528K, 100% used [0x91cc0000,0x932c0000,0x932c0000)
  from space 1792K, 99% used [0x93480000,0x9363eae0,0x93640000)
  to   space 1792K, 0% used [0x932c0000,0x932c0000,0x93480000)
 ParOldGen       total 30208K, used 3017K [0x67200000, 0x68f80000, 0x91cc0000)
  object space 30208K, 9% used [0x67200000,0x674f2708,0x68f80000)
 Metaspace       used 3537K, capacity 3644K, committed 3736K, reserved 4400K
Event: 7.097 GC heap after
Heap after GC invocations=3 (full 0):
 PSYoungGen      total 24320K, used 1790K [0x91cc0000, 0x94c40000, 0xa7200000)
  eden space 22528K, 0% used [0x91cc0000,0x91cc0000,0x932c0000)
  from space 1792K, 99% used [0x932c0000,0x9347fa48,0x93480000)
  to   space 1792K, 0% used [0x94a80000,0x94a80000,0x94c40000)
 ParOldGen       total 30208K, used 6638K [0x67200000, 0x68f80000, 0x91cc0000)
  object space 30208K, 21% used [0x67200000,0x6787bab8,0x68f80000)
 Metaspace       used 3537K, capacity 3644K, committed 3736K, reserved 4400K
}
Event: 9.361 GC heap before
{Heap before GC invocations=4 (full 0):
 PSYoungGen      total 24320K, used 24318K [0x91cc0000, 0x94c40000, 0xa7200000)
  eden space 22528K, 100% used [0x91cc0000,0x932c0000,0x932c0000)
  from space 1792K, 99% used [0x932c0000,0x9347fa48,0x93480000)
  to   space 1792K, 0% used [0x94a80000,0x94a80000,0x94c40000)
 ParOldGen       total 30208K, used 6638K [0x67200000, 0x68f80000, 0x91cc0000)
  object space 30208K, 21% used [0x67200000,0x6787bab8,0x68f80000)
 Metaspace       used 3640K, capacity 3676K, committed 3736K, reserved 4400K
Event: 9.459 GC heap after
Heap after GC invocations=4 (full 0):
 PSYoungGen      total 46848K, used 1783K [0x91cc0000, 0x94c40000, 0xa7200000)
  eden space 45056K, 0% used [0x91cc0000,0x91cc0000,0x948c0000)
  from space 1792K, 99% used [0x94a80000,0x94c3dff0,0x94c40000)
  to   space 1792K, 0% used [0x948c0000,0x948c0000,0x94a80000)
 ParOldGen       total 30208K, used 10048K [0x67200000, 0x68f80000, 0x91cc0000)
  object space 30208K, 33% used [0x67200000,0x67bd00e0,0x68f80000)
 Metaspace       used 3640K, capacity 3676K, committed 3736K, reserved 4400K
}
Event: 12.892 GC heap before
{Heap before GC invocations=5 (full 0):
 PSYoungGen      total 46848K, used 46839K [0x91cc0000, 0x94c40000, 0xa7200000)
  eden space 45056K, 100% used [0x91cc0000,0x948c0000,0x948c0000)
  from space 1792K, 99% used [0x94a80000,0x94c3dff0,0x94c40000)
  to   space 1792K, 0% used [0x948c0000,0x948c0000,0x94a80000)
 ParOldGen       total 30208K, used 10048K [0x67200000, 0x68f80000, 0x91cc0000)
  object space 30208K, 33% used [0x67200000,0x67bd00e0,0x68f80000)
 Metaspace       used 3652K, capacity 3676K, committed 3736K, reserved 4400K
Event: 13.117 GC heap after
Heap after GC invocations=5 (full 0):
 PSYoungGen      total 46848K, used 1779K [0x91cc0000, 0x984c0000, 0xa7200000)
  eden space 45056K, 0% used [0x91cc0000,0x91cc0000,0x948c0000)
  from space 1792K, 99% used [0x948c0000,0x94a7ccc8,0x94a80000)
  to   space 8192K, 0% used [0x97cc0000,0x97cc0000,0x984c0000)
 ParOldGen       total 30208K, used 16071K [0x67200000, 0x68f80000, 0x91cc0000)
  object space 30208K, 53% used [0x67200000,0x681b1ce0,0x68f80000)
 Metaspace       used 3652K, capacity 3676K, committed 3736K, reserved 4400K
}

