# JRE version: Java(TM) SE Runtime Environment (8.0_20-b26) (build 1.8.0_20-b26)
# Java VM: Java HotSpot(TM) Server VM (25.20-b23 mixed mode linux-x86 )
Heap:
 PSYoungGen      total 46848K, used 1788K [0x91ac0000, 0x94a40000, 0xa7000000)
  eden space 45056K, 0% used [0x91ac0000,0x91ac0000,0x946c0000)
  from space 1792K, 99% used [0x946c0000,0x9487f018,0x94880000)
  to   space 1792K, 0% used [0x94880000,0x94880000,0x94a40000)
 ParOldGen       total 30208K, used 28667K [0x67000000, 0x68d80000, 0x91ac0000)
  object space 30208K, 94% used [0x67000000,0x68bfeef0,0x68d80000)
 Metaspace       used 4326K, capacity 4356K, committed 4376K, reserved 4400K
GC Heap History (9 events):
Event: 2.038 GC heap before
{Heap before GC invocations=1 (full 0):
 PSYoungGen      total 13056K, used 11264K [0x91ac0000, 0x92940000, 0xa7000000)
  eden space 11264K, 100% used [0x91ac0000,0x925c0000,0x925c0000)
  from space 1792K, 0% used [0x92780000,0x92780000,0x92940000)
  to   space 1792K, 0% used [0x925c0000,0x925c0000,0x92780000)
 ParOldGen       total 30208K, used 0K [0x67000000, 0x68d80000, 0x91ac0000)
  object space 30208K, 0% used [0x67000000,0x67000000,0x68d80000)
 Metaspace       used 3228K, capacity 3388K, committed 3480K, reserved 4400K
Event: 2.063 GC heap after
Heap after GC invocations=1 (full 0):
 PSYoungGen      total 13056K, used 1789K [0x91ac0000, 0x93440000, 0xa7000000)
  eden space 11264K, 0% used [0x91ac0000,0x91ac0000,0x925c0000)
  from space 1792K, 99% used [0x925c0000,0x9277f468,0x92780000)
  to   space 1792K, 0% used [0x93280000,0x93280000,0x93440000)
 ParOldGen       total 30208K, used 1403K [0x67000000, 0x68d80000, 0x91ac0000)
  object space 30208K, 4% used [0x67000000,0x6715efb8,0x68d80000)
 Metaspace       used 3228K, capacity 3388K, committed 3480K, reserved 4400K
}
Event: 2.622 GC heap before
{Heap before GC invocations=2 (full 0):
 PSYoungGen      total 13056K, used 12983K [0x91ac0000, 0x93440000, 0xa7000000)
  eden space 11264K, 99% used [0x91ac0000,0x925aea18,0x925c0000)
  from space 1792K, 99% used [0x925c0000,0x9277f468,0x92780000)
  to   space 1792K, 0% used [0x93280000,0x93280000,0x93440000)
 ParOldGen       total 30208K, used 1403K [0x67000000, 0x68d80000, 0x91ac0000)
  object space 30208K, 4% used [0x67000000,0x6715efb8,0x68d80000)
 Metaspace       used 3316K, capacity 3452K, committed 3480K, reserved 4400K
Event: 2.676 GC heap after
Heap after GC invocations=2 (full 0):
 PSYoungGen      total 24320K, used 1790K [0x91ac0000, 0x93440000, 0xa7000000)
  eden space 22528K, 0% used [0x91ac0000,0x91ac0000,0x930c0000)
  from space 1792K, 99% used [0x93280000,0x9343fa58,0x93440000)
  to   space 1792K, 0% used [0x930c0000,0x930c0000,0x93280000)
 ParOldGen       total 30208K, used 3997K [0x67000000, 0x68d80000, 0x91ac0000)
  object space 30208K, 13% used [0x67000000,0x673e7638,0x68d80000)
 Metaspace       used 3316K, capacity 3452K, committed 3480K, reserved 4400K
}
Event: 3.849 GC heap before
{Heap before GC invocations=3 (full 0):
 PSYoungGen      total 24320K, used 24318K [0x91ac0000, 0x93440000, 0xa7000000)
  eden space 22528K, 100% used [0x91ac0000,0x930c0000,0x930c0000)
  from space 1792K, 99% used [0x93280000,0x9343fa58,0x93440000)
  to   space 1792K, 0% used [0x930c0000,0x930c0000,0x93280000)
 ParOldGen       total 30208K, used 3997K [0x67000000, 0x68d80000, 0x91ac0000)
  object space 30208K, 13% used [0x67000000,0x673e7638,0x68d80000)
 Metaspace       used 4275K, capacity 4324K, committed 4376K, reserved 4400K
Event: 3.876 GC heap after
Heap after GC invocations=3 (full 0):
 PSYoungGen      total 24320K, used 1786K [0x91ac0000, 0x94a40000, 0xa7000000)
  eden space 22528K, 0% used [0x91ac0000,0x91ac0000,0x930c0000)
  from space 1792K, 99% used [0x930c0000,0x9327ea30,0x93280000)
  to   space 1792K, 0% used [0x94880000,0x94880000,0x94a40000)
 ParOldGen       total 30208K, used 9609K [0x67000000, 0x68d80000, 0x91ac0000)
  object space 30208K, 31% used [0x67000000,0x679624b0,0x68d80000)
 Metaspace       used 4275K, capacity 4324K, committed 4376K, reserved 4400K
}
Event: 4.210 GC heap before
{Heap before GC invocations=4 (full 0):
 PSYoungGen      total 24320K, used 24140K [0x91ac0000, 0x94a40000, 0xa7000000)
  eden space 22528K, 99% used [0x91ac0000,0x93094920,0x930c0000)
  from space 1792K, 99% used [0x930c0000,0x9327ea30,0x93280000)
  to   space 1792K, 0% used [0x94880000,0x94880000,0x94a40000)
 ParOldGen       total 30208K, used 9609K [0x67000000, 0x68d80000, 0x91ac0000)
  object space 30208K, 31% used [0x67000000,0x679624b0,0x68d80000)
 Metaspace       used 4311K, capacity 4356K, committed 4376K, reserved 4400K
Event: 4.227 GC heap after
Heap after GC invocations=4 (full 0):
 PSYoungGen      total 46848K, used 1786K [0x91ac0000, 0x94a40000, 0xa7000000)
  eden space 45056K, 0% used [0x91ac0000,0x91ac0000,0x946c0000)
  from space 1792K, 99% used [0x94880000,0x94a3ea30,0x94a40000)
  to   space 1792K, 0% used [0x946c0000,0x946c0000,0x94880000)
 ParOldGen       total 30208K, used 12357K [0x67000000, 0x68d80000, 0x91ac0000)
  object space 30208K, 40% used [0x67000000,0x67c115b8,0x68d80000)
 Metaspace       used 4311K, capacity 4356K, committed 4376K, reserved 4400K
}
Event: 4.574 GC heap before
{Heap before GC invocations=5 (full 0):
 PSYoungGen      total 46848K, used 46842K [0x91ac0000, 0x94a40000, 0xa7000000)
  eden space 45056K, 100% used [0x91ac0000,0x946c0000,0x946c0000)
  from space 1792K, 99% used [0x94880000,0x94a3ea30,0x94a40000)
  to   space 1792K, 0% used [0x946c0000,0x946c0000,0x94880000)
 ParOldGen       total 30208K, used 12357K [0x67000000, 0x68d80000, 0x91ac0000)
  object space 30208K, 40% used [0x67000000,0x67c115b8,0x68d80000)
 Metaspace       used 4326K, capacity 4356K, committed 4376K, reserved 4400K

