# JRE version: Java(TM) SE Runtime Environment (8.0_20-b26) (build 1.8.0_20-b26)
# Java VM: Java HotSpot(TM) Server VM (25.20-b23 mixed mode linux-x86 )
Heap:
 PSYoungGen      total 50176K, used 5374K [0x91ac0000, 0x95140000, 0xa7000000)
  eden space 44800K, 0% used [0x91ac0000,0x91ac0000,0x94680000)
  from space 5376K, 99% used [0x94680000,0x94bbf8b8,0x94bc0000)
  to   space 5120K, 0% used [0x94bc0000,0x94bc0000,0x950c0000)
 ParOldGen       total 30208K, used 15732K [0x67000000, 0x68d80000, 0x91ac0000)
  object space 30208K, 52% used [0x67000000,0x67f5d1d0,0x68d80000)
 Metaspace       used 3650K, capacity 3676K, committed 3736K, reserved 4400K
GC Heap History (10 events):
Event: 3.673 GC heap after
Heap after GC invocations=2 (full 0):
 PSYoungGen      total 13056K, used 1787K [0x91ac0000, 0x93440000, 0xa7000000)
  eden space 11264K, 0% used [0x91ac0000,0x91ac0000,0x925c0000)
  from space 1792K, 99% used [0x92780000,0x9293ef50,0x92940000)
  to   space 1792K, 0% used [0x925c0000,0x925c0000,0x92780000)
 ParOldGen       total 30208K, used 3028K [0x67000000, 0x68d80000, 0x91ac0000)
  object space 30208K, 10% used [0x67000000,0x672f52c8,0x68d80000)
 Metaspace       used 3421K, capacity 3548K, committed 3608K, reserved 4400K
}
Event: 4.246 GC heap before
{Heap before GC invocations=3 (full 0):
 PSYoungGen      total 13056K, used 13051K [0x91ac0000, 0x93440000, 0xa7000000)
  eden space 11264K, 100% used [0x91ac0000,0x925c0000,0x925c0000)
  from space 1792K, 99% used [0x92780000,0x9293ef50,0x92940000)
  to   space 1792K, 0% used [0x925c0000,0x925c0000,0x92780000)
 ParOldGen       total 30208K, used 3028K [0x67000000, 0x68d80000, 0x91ac0000)
  object space 30208K, 10% used [0x67000000,0x672f52c8,0x68d80000)
 Metaspace       used 3478K, capacity 3580K, committed 3608K, reserved 4400K
Event: 4.306 GC heap after
Heap after GC invocations=3 (full 0):
 PSYoungGen      total 13056K, used 1785K [0x91ac0000, 0x93440000, 0xa7000000)
  eden space 11264K, 0% used [0x91ac0000,0x91ac0000,0x925c0000)
  from space 1792K, 99% used [0x925c0000,0x9277e480,0x92780000)
  to   space 1792K, 0% used [0x93280000,0x93280000,0x93440000)
 ParOldGen       total 30208K, used 4787K [0x67000000, 0x68d80000, 0x91ac0000)
  object space 30208K, 15% used [0x67000000,0x674acf00,0x68d80000)
 Metaspace       used 3478K, capacity 3580K, committed 3608K, reserved 4400K
}
Event: 4.737 GC heap before
{Heap before GC invocations=4 (full 0):
 PSYoungGen      total 13056K, used 13049K [0x91ac0000, 0x93440000, 0xa7000000)
  eden space 11264K, 100% used [0x91ac0000,0x925c0000,0x925c0000)
  from space 1792K, 99% used [0x925c0000,0x9277e480,0x92780000)
  to   space 1792K, 0% used [0x93280000,0x93280000,0x93440000)
 ParOldGen       total 30208K, used 4787K [0x67000000, 0x68d80000, 0x91ac0000)
  object space 30208K, 15% used [0x67000000,0x674acf00,0x68d80000)
 Metaspace       used 3533K, capacity 3644K, committed 3736K, reserved 4400K
Event: 4.762 GC heap after
Heap after GC invocations=4 (full 0):
 PSYoungGen      total 24320K, used 1785K [0x91ac0000, 0x93440000, 0xa7000000)
  eden space 22528K, 0% used [0x91ac0000,0x91ac0000,0x930c0000)
  from space 1792K, 99% used [0x93280000,0x9343e480,0x93440000)
  to   space 1792K, 0% used [0x930c0000,0x930c0000,0x93280000)
 ParOldGen       total 30208K, used 6677K [0x67000000, 0x68d80000, 0x91ac0000)
  object space 30208K, 22% used [0x67000000,0x67685520,0x68d80000)
 Metaspace       used 3533K, capacity 3644K, committed 3736K, reserved 4400K
}
Event: 5.646 GC heap before
{Heap before GC invocations=5 (full 0):
 PSYoungGen      total 24320K, used 24313K [0x91ac0000, 0x93440000, 0xa7000000)
  eden space 22528K, 100% used [0x91ac0000,0x930c0000,0x930c0000)
  from space 1792K, 99% used [0x93280000,0x9343e480,0x93440000)
  to   space 1792K, 0% used [0x930c0000,0x930c0000,0x93280000)
 ParOldGen       total 30208K, used 6677K [0x67000000, 0x68d80000, 0x91ac0000)
  object space 30208K, 22% used [0x67000000,0x67685520,0x68d80000)
 Metaspace       used 3629K, capacity 3676K, committed 3736K, reserved 4400K
Event: 5.697 GC heap after
Heap after GC invocations=5 (full 0):
 PSYoungGen      total 24320K, used 1792K [0x91ac0000, 0x950c0000, 0xa7000000)
  eden space 22528K, 0% used [0x91ac0000,0x91ac0000,0x930c0000)
  from space 1792K, 100% used [0x930c0000,0x93280000,0x93280000)
  to   space 5120K, 0% used [0x94bc0000,0x94bc0000,0x950c0000)
 ParOldGen       total 30208K, used 10015K [0x67000000, 0x68d80000, 0x91ac0000)
  object space 30208K, 33% used [0x67000000,0x679c7d60,0x68d80000)
 Metaspace       used 3629K, capacity 3676K, committed 3736K, reserved 4400K
}
Event: 6.248 GC heap before
{Heap before GC invocations=6 (full 0):
 PSYoungGen      total 24320K, used 24320K [0x91ac0000, 0x950c0000, 0xa7000000)
  eden space 22528K, 100% used [0x91ac0000,0x930c0000,0x930c0000)
  from space 1792K, 100% used [0x930c0000,0x93280000,0x93280000)
  to   space 5120K, 0% used [0x94bc0000,0x94bc0000,0x950c0000)
 ParOldGen       total 30208K, used 10015K [0x67000000, 0x68d80000, 0x91ac0000)
  object space 30208K, 33% used [0x67000000,0x679c7d60,0x68d80000)
 Metaspace       used 3633K, capacity 3676K, committed 3736K, reserved 4400K
Event: 6.276 GC heap after
Heap after GC invocations=6 (full 0):
 PSYoungGen      total 49920K, used 4528K [0x91ac0000, 0x95140000, 0xa7000000)
  eden space 44800K, 0% used [0x91ac0000,0x91ac0000,0x94680000)
  from space 5120K, 88% used [0x94bc0000,0x9502c000,0x950c0000)
  to   space 5376K, 0% used [0x94680000,0x94680000,0x94bc0000)
 ParOldGen       total 30208K, used 10015K [0x67000000, 0x68d80000, 0x91ac0000)
  object space 30208K, 33% used [0x67000000,0x679c7d60,0x68d80000)
 Metaspace       used 3633K, capacity 3676K, committed 3736K, reserved 4400K
}
Event: 7.256 GC heap before
{Heap before GC invocations=7 (full 0):
 PSYoungGen      total 49920K, used 49328K [0x91ac0000, 0x95140000, 0xa7000000)
  eden space 44800K, 100% used [0x91ac0000,0x94680000,0x94680000)
  from space 5120K, 88% used [0x94bc0000,0x9502c000,0x950c0000)
  to   space 5376K, 0% used [0x94680000,0x94680000,0x94bc0000)
 ParOldGen       total 30208K, used 10015K [0x67000000, 0x68d80000, 0x91ac0000)
  object space 30208K, 33% used [0x67000000,0x679c7d60,0x68d80000)
 Metaspace       used 3650K, capacity 3676K, committed 3736K, reserved 4400K

