# JRE version: Java(TM) SE Runtime Environment (8.0_20-b26) (build 1.8.0_20-b26)
# Java VM: Java HotSpot(TM) Server VM (25.20-b23 mixed mode linux-x86 )
Heap:
 PSYoungGen      total 50176K, used 44230K [0x91cc0000, 0x953c0000, 0xa7200000)
  eden space 44800K, 87% used [0x91cc0000,0x94335878,0x94880000)
  from space 5376K, 90% used [0x94e00000,0x952bc0c8,0x95340000)
  to   space 5632K, 0% used [0x94880000,0x94880000,0x94e00000)
 ParOldGen       total 30208K, used 10992K [0x67200000, 0x68f80000, 0x91cc0000)
  object space 30208K, 36% used [0x67200000,0x67cbc2e0,0x68f80000)
 Metaspace       used 3588K, capacity 3676K, committed 3736K, reserved 4400K
GC Heap History (10 events):
Event: 3.571 GC heap before
{Heap before GC invocations=2 (full 0):
 PSYoungGen      total 13056K, used 13043K [0x91cc0000, 0x92b40000, 0xa7200000)
  eden space 11264K, 100% used [0x91cc0000,0x927c0000,0x927c0000)
  from space 1792K, 99% used [0x927c0000,0x9297cd50,0x92980000)
  to   space 1792K, 0% used [0x92980000,0x92980000,0x92b40000)
 ParOldGen       total 30208K, used 1399K [0x67200000, 0x68f80000, 0x91cc0000)
  object space 30208K, 4% used [0x67200000,0x6735dd50,0x68f80000)
 Metaspace       used 3396K, capacity 3516K, committed 3608K, reserved 4400K
Event: 3.593 GC heap after
Heap after GC invocations=2 (full 0):
 PSYoungGen      total 13056K, used 1791K [0x91cc0000, 0x93640000, 0xa7200000)
  eden space 11264K, 0% used [0x91cc0000,0x91cc0000,0x927c0000)
  from space 1792K, 99% used [0x92980000,0x92b3fe98,0x92b40000)
  to   space 1792K, 0% used [0x927c0000,0x927c0000,0x92980000)
 ParOldGen       total 30208K, used 3279K [0x67200000, 0x68f80000, 0x91cc0000)
  object space 30208K, 10% used [0x67200000,0x67533e88,0x68f80000)
 Metaspace       used 3396K, capacity 3516K, committed 3608K, reserved 4400K
}
Event: 4.330 GC heap before
{Heap before GC invocations=3 (full 0):
 PSYoungGen      total 13056K, used 13055K [0x91cc0000, 0x93640000, 0xa7200000)
  eden space 11264K, 100% used [0x91cc0000,0x927c0000,0x927c0000)
  from space 1792K, 99% used [0x92980000,0x92b3fe98,0x92b40000)
  to   space 1792K, 0% used [0x927c0000,0x927c0000,0x92980000)
 ParOldGen       total 30208K, used 3279K [0x67200000, 0x68f80000, 0x91cc0000)
  object space 30208K, 10% used [0x67200000,0x67533e88,0x68f80000)
 Metaspace       used 3473K, capacity 3580K, committed 3608K, reserved 4400K
Event: 4.345 GC heap after
Heap after GC invocations=3 (full 0):
 PSYoungGen      total 13056K, used 1783K [0x91cc0000, 0x93640000, 0xa7200000)
  eden space 11264K, 0% used [0x91cc0000,0x91cc0000,0x927c0000)
  from space 1792K, 99% used [0x927c0000,0x9297df50,0x92980000)
  to   space 1792K, 0% used [0x93480000,0x93480000,0x93640000)
 ParOldGen       total 30208K, used 5157K [0x67200000, 0x68f80000, 0x91cc0000)
  object space 30208K, 17% used [0x67200000,0x677096b0,0x68f80000)
 Metaspace       used 3473K, capacity 3580K, committed 3608K, reserved 4400K
}
Event: 4.869 GC heap before
{Heap before GC invocations=4 (full 0):
 PSYoungGen      total 13056K, used 13047K [0x91cc0000, 0x93640000, 0xa7200000)
  eden space 11264K, 100% used [0x91cc0000,0x927c0000,0x927c0000)
  from space 1792K, 99% used [0x927c0000,0x9297df50,0x92980000)
  to   space 1792K, 0% used [0x93480000,0x93480000,0x93640000)
 ParOldGen       total 30208K, used 5157K [0x67200000, 0x68f80000, 0x91cc0000)
  object space 30208K, 17% used [0x67200000,0x677096b0,0x68f80000)
 Metaspace       used 3508K, capacity 3612K, committed 3736K, reserved 4400K
Event: 4.903 GC heap after
Heap after GC invocations=4 (full 0):
 PSYoungGen      total 24320K, used 1791K [0x91cc0000, 0x93640000, 0xa7200000)
  eden space 22528K, 0% used [0x91cc0000,0x91cc0000,0x932c0000)
  from space 1792K, 99% used [0x93480000,0x9363fdb0,0x93640000)
  to   space 1792K, 0% used [0x932c0000,0x932c0000,0x93480000)
 ParOldGen       total 30208K, used 7179K [0x67200000, 0x68f80000, 0x91cc0000)
  object space 30208K, 23% used [0x67200000,0x67902f10,0x68f80000)
 Metaspace       used 3508K, capacity 3612K, committed 3736K, reserved 4400K
}
Event: 5.895 GC heap before
{Heap before GC invocations=5 (full 0):
 PSYoungGen      total 24320K, used 24319K [0x91cc0000, 0x93640000, 0xa7200000)
  eden space 22528K, 100% used [0x91cc0000,0x932c0000,0x932c0000)
  from space 1792K, 99% used [0x93480000,0x9363fdb0,0x93640000)
  to   space 1792K, 0% used [0x932c0000,0x932c0000,0x93480000)
 ParOldGen       total 30208K, used 7179K [0x67200000, 0x68f80000, 0x91cc0000)
  object space 30208K, 23% used [0x67200000,0x67902f10,0x68f80000)
 Metaspace       used 3542K, capacity 3644K, committed 3736K, reserved 4400K
Event: 5.934 GC heap after
Heap after GC invocations=5 (full 0):
 PSYoungGen      total 24320K, used 1777K [0x91cc0000, 0x95340000, 0xa7200000)
  eden space 22528K, 0% used [0x91cc0000,0x91cc0000,0x932c0000)
  from space 1792K, 99% used [0x932c0000,0x9347c7b0,0x93480000)
  to   space 5376K, 0% used [0x94e00000,0x94e00000,0x95340000)
 ParOldGen       total 30208K, used 10992K [0x67200000, 0x68f80000, 0x91cc0000)
  object space 30208K, 36% used [0x67200000,0x67cbc2e0,0x68f80000)
 Metaspace       used 3542K, capacity 3644K, committed 3736K, reserved 4400K
}
Event: 6.654 GC heap before
{Heap before GC invocations=6 (full 0):
 PSYoungGen      total 24320K, used 24305K [0x91cc0000, 0x95340000, 0xa7200000)
  eden space 22528K, 100% used [0x91cc0000,0x932c0000,0x932c0000)
  from space 1792K, 99% used [0x932c0000,0x9347c7b0,0x93480000)
  to   space 5376K, 0% used [0x94e00000,0x94e00000,0x95340000)
 ParOldGen       total 30208K, used 10992K [0x67200000, 0x68f80000, 0x91cc0000)
  object space 30208K, 36% used [0x67200000,0x67cbc2e0,0x68f80000)
 Metaspace       used 3561K, capacity 3676K, committed 3736K, reserved 4400K
Event: 6.711 GC heap after
Heap after GC invocations=6 (full 0):
 PSYoungGen      total 50176K, used 4848K [0x91cc0000, 0x953c0000, 0xa7200000)
  eden space 44800K, 0% used [0x91cc0000,0x91cc0000,0x94880000)
  from space 5376K, 90% used [0x94e00000,0x952bc0c8,0x95340000)
  to   space 5632K, 0% used [0x94880000,0x94880000,0x94e00000)
 ParOldGen       total 30208K, used 10992K [0x67200000, 0x68f80000, 0x91cc0000)
  object space 30208K, 36% used [0x67200000,0x67cbc2e0,0x68f80000)
 Metaspace       used 3561K, capacity 3676K, committed 3736K, reserved 4400K
}

