# JRE version: Java(TM) SE Runtime Environment (8.0_20-b26) (build 1.8.0_20-b26)
# Java VM: Java HotSpot(TM) Server VM (25.20-b23 mixed mode linux-x86 )
Heap:
 PSYoungGen      total 271104K, used 0K [0x91cc0000, 0xa7200000, 0xa7200000)
  eden space 205056K, 0% used [0x91cc0000,0x91cc0000,0x9e500000)
  from space 66048K, 0% used [0x9e500000,0x9e500000,0xa2580000)
  to   space 78336K, 0% used [0xa2580000,0xa2580000,0xa7200000)
 ParOldGen       total 176384K, used 166964K [0x67200000, 0x71e40000, 0x91cc0000)
  object space 176384K, 94% used [0x67200000,0x7150d268,0x71e40000)
 Metaspace       used 3695K, capacity 3708K, committed 3736K, reserved 4400K
GC Heap History (10 events):
Event: 32.257 GC heap after
Heap after GC invocations=18 (full 4):
 PSYoungGen      total 289792K, used 35100K [0x91cc0000, 0xa6dc0000, 0xa7200000)
  eden space 240128K, 0% used [0x91cc0000,0x91cc0000,0xa0740000)
  from space 49664K, 70% used [0xa3d40000,0xa5f870f8,0xa6dc0000)
  to   space 52480K, 0% used [0xa0740000,0xa0740000,0xa3a80000)
 ParOldGen       total 119808K, used 110880K [0x67200000, 0x6e700000, 0x91cc0000)
  object space 119808K, 92% used [0x67200000,0x6de48250,0x6e700000)
 Metaspace       used 3570K, capacity 3644K, committed 3736K, reserved 4400K
}
Event: 32.258 GC heap before
{Heap before GC invocations=19 (full 5):
 PSYoungGen      total 289792K, used 35100K [0x91cc0000, 0xa6dc0000, 0xa7200000)
  eden space 240128K, 0% used [0x91cc0000,0x91cc0000,0xa0740000)
  from space 49664K, 70% used [0xa3d40000,0xa5f870f8,0xa6dc0000)
  to   space 52480K, 0% used [0xa0740000,0xa0740000,0xa3a80000)
 ParOldGen       total 119808K, used 110880K [0x67200000, 0x6e700000, 0x91cc0000)
  object space 119808K, 92% used [0x67200000,0x6de48250,0x6e700000)
 Metaspace       used 3570K, capacity 3644K, committed 3736K, reserved 4400K
Event: 32.877 GC heap after
Heap after GC invocations=19 (full 5):
 PSYoungGen      total 289792K, used 0K [0x91cc0000, 0xa6dc0000, 0xa7200000)
  eden space 240128K, 0% used [0x91cc0000,0x91cc0000,0xa0740000)
  from space 49664K, 0% used [0xa3d40000,0xa3d40000,0xa6dc0000)
  to   space 52480K, 0% used [0xa0740000,0xa0740000,0xa3a80000)
 ParOldGen       total 176384K, used 97500K [0x67200000, 0x71e40000, 0x91cc0000)
  object space 176384K, 55% used [0x67200000,0x6d1372e0,0x71e40000)
 Metaspace       used 3570K, capacity 3644K, committed 3736K, reserved 4400K
}
Event: 36.387 GC heap before
{Heap before GC invocations=20 (full 5):
 PSYoungGen      total 289792K, used 240128K [0x91cc0000, 0xa6dc0000, 0xa7200000)
  eden space 240128K, 100% used [0x91cc0000,0xa0740000,0xa0740000)
  from space 49664K, 0% used [0xa3d40000,0xa3d40000,0xa6dc0000)
  to   space 52480K, 0% used [0xa0740000,0xa0740000,0xa3a80000)
 ParOldGen       total 176384K, used 97500K [0x67200000, 0x71e40000, 0x91cc0000)
  object space 176384K, 55% used [0x67200000,0x6d1372e0,0x71e40000)
 Metaspace       used 3586K, capacity 3676K, committed 3736K, reserved 4400K
Event: 36.522 GC heap after
Heap after GC invocations=20 (full 5):
 PSYoungGen      total 292608K, used 41182K [0x91cc0000, 0xa7200000, 0xa7200000)
  eden space 240128K, 0% used [0x91cc0000,0x91cc0000,0xa0740000)
  from space 52480K, 78% used [0xa0740000,0xa2f77a30,0xa3a80000)
  to   space 55808K, 0% used [0xa3b80000,0xa3b80000,0xa7200000)
 ParOldGen       total 176384K, used 97504K [0x67200000, 0x71e40000, 0x91cc0000)
  object space 176384K, 55% used [0x67200000,0x6d1382e0,0x71e40000)
 Metaspace       used 3586K, capacity 3676K, committed 3736K, reserved 4400K
}
Event: 38.634 GC heap before
{Heap before GC invocations=21 (full 5):
 PSYoungGen      total 292608K, used 281310K [0x91cc0000, 0xa7200000, 0xa7200000)
  eden space 240128K, 100% used [0x91cc0000,0xa0740000,0xa0740000)
  from space 52480K, 78% used [0xa0740000,0xa2f77a30,0xa3a80000)
  to   space 55808K, 0% used [0xa3b80000,0xa3b80000,0xa7200000)
 ParOldGen       total 176384K, used 97504K [0x67200000, 0x71e40000, 0x91cc0000)
  object space 176384K, 55% used [0x67200000,0x6d1382e0,0x71e40000)
 Metaspace       used 3684K, capacity 3708K, committed 3736K, reserved 4400K
Event: 38.872 GC heap after
Heap after GC invocations=21 (full 5):
 PSYoungGen      total 260864K, used 55793K [0x91cc0000, 0xa7200000, 0xa7200000)
  eden space 205056K, 0% used [0x91cc0000,0x91cc0000,0x9e500000)
  from space 55808K, 99% used [0xa3b80000,0xa71fc628,0xa7200000)
  to   space 72192K, 0% used [0x9e500000,0x9e500000,0xa2b80000)
 ParOldGen       total 176384K, used 120425K [0x67200000, 0x71e40000, 0x91cc0000)
  object space 176384K, 68% used [0x67200000,0x6e79a648,0x71e40000)
 Metaspace       used 3684K, capacity 3708K, committed 3736K, reserved 4400K
}
Event: 40.437 GC heap before
{Heap before GC invocations=22 (full 5):
 PSYoungGen      total 260864K, used 260849K [0x91cc0000, 0xa7200000, 0xa7200000)
  eden space 205056K, 100% used [0x91cc0000,0x9e500000,0x9e500000)
  from space 55808K, 99% used [0xa3b80000,0xa71fc628,0xa7200000)
  to   space 72192K, 0% used [0x9e500000,0x9e500000,0xa2b80000)
 ParOldGen       total 176384K, used 120425K [0x67200000, 0x71e40000, 0x91cc0000)
  object space 176384K, 68% used [0x67200000,0x6e79a648,0x71e40000)
 Metaspace       used 3695K, capacity 3708K, committed 3736K, reserved 4400K
Event: 40.738 GC heap after
Heap after GC invocations=22 (full 5):
 PSYoungGen      total 271104K, used 65910K [0x91cc0000, 0xa7200000, 0xa7200000)
  eden space 205056K, 0% used [0x91cc0000,0x91cc0000,0x9e500000)
  from space 66048K, 99% used [0x9e500000,0xa255d988,0xa2580000)
  to   space 78336K, 0% used [0xa2580000,0xa2580000,0xa7200000)
 ParOldGen       total 176384K, used 146548K [0x67200000, 0x71e40000, 0x91cc0000)
  object space 176384K, 83% used [0x67200000,0x7011d018,0x71e40000)
 Metaspace       used 3695K, capacity 3708K, committed 3736K, reserved 4400K
}
Event: 40.752 GC heap before
{Heap before GC invocations=23 (full 6):
 PSYoungGen      total 271104K, used 65910K [0x91cc0000, 0xa7200000, 0xa7200000)
  eden space 205056K, 0% used [0x91cc0000,0x91cc0000,0x9e500000)
  from space 66048K, 99% used [0x9e500000,0xa255d988,0xa2580000)
  to   space 78336K, 0% used [0xa2580000,0xa2580000,0xa7200000)
 ParOldGen       total 176384K, used 146548K [0x67200000, 0x71e40000, 0x91cc0000)
  object space 176384K, 83% used [0x67200000,0x7011d018,0x71e40000)
 Metaspace       used 3695K, capacity 3708K, committed 3736K, reserved 4400K

