# JRE version: Java(TM) SE Runtime Environment (8.0_20-b26) (build 1.8.0_20-b26)
# Java VM: Java HotSpot(TM) Server VM (25.20-b23 mixed mode linux-x86 )
Heap:
 PSYoungGen      total 252416K, used 252409K [0x91cc0000, 0xa7200000, 0xa7200000)
  eden space 190720K, 100% used [0x91cc0000,0x9d700000,0x9d700000)
  from space 61696K, 99% used [0xa35c0000,0xa71fe408,0xa7200000)
  to   space 79360K, 27% used [0x9d700000,0x9ec9f2f8,0xa2480000)
 ParOldGen       total 159744K, used 159740K [0x67200000, 0x70e00000, 0x91cc0000)
  object space 159744K, 99% used [0x67200000,0x70dff010,0x70e00000)
 Metaspace       used 3600K, capacity 3676K, committed 3736K, reserved 4400K
GC Heap History (10 events):
Event: 21.421 GC heap after
Heap after GC invocations=15 (full 4):
 PSYoungGen      total 208384K, used 0K [0x91cc0000, 0xa4ac0000, 0xa7200000)
  eden space 159488K, 0% used [0x91cc0000,0x91cc0000,0x9b880000)
  from space 48896K, 0% used [0x9b880000,0x9b880000,0x9e840000)
  to   space 48128K, 0% used [0xa1bc0000,0xa1bc0000,0xa4ac0000)
 ParOldGen       total 119552K, used 63584K [0x67200000, 0x6e6c0000, 0x91cc0000)
  object space 119552K, 53% used [0x67200000,0x6b018270,0x6e6c0000)
 Metaspace       used 3531K, capacity 3644K, committed 3736K, reserved 4400K
}
Event: 24.681 GC heap before
{Heap before GC invocations=16 (full 4):
 PSYoungGen      total 208384K, used 159488K [0x91cc0000, 0xa4ac0000, 0xa7200000)
  eden space 159488K, 100% used [0x91cc0000,0x9b880000,0x9b880000)
  from space 48896K, 0% used [0x9b880000,0x9b880000,0x9e840000)
  to   space 48128K, 0% used [0xa1bc0000,0xa1bc0000,0xa4ac0000)
 ParOldGen       total 119552K, used 63584K [0x67200000, 0x6e6c0000, 0x91cc0000)
  object space 119552K, 53% used [0x67200000,0x6b018270,0x6e6c0000)
 Metaspace       used 3572K, capacity 3676K, committed 3736K, reserved 4400K
Event: 24.818 GC heap after
Heap after GC invocations=16 (full 4):
 PSYoungGen      total 247040K, used 48112K [0x91cc0000, 0xa6480000, 0xa7200000)
  eden space 198912K, 0% used [0x91cc0000,0x91cc0000,0x9df00000)
  from space 48128K, 99% used [0xa1bc0000,0xa4abc2c8,0xa4ac0000)
  to   space 62208K, 0% used [0x9df00000,0x9df00000,0xa1bc0000)
 ParOldGen       total 119552K, used 82944K [0x67200000, 0x6e6c0000, 0x91cc0000)
  object space 119552K, 69% used [0x67200000,0x6c300080,0x6e6c0000)
 Metaspace       used 3572K, capacity 3676K, committed 3736K, reserved 4400K
}
Event: 28.792 GC heap before
{Heap before GC invocations=17 (full 4):
 PSYoungGen      total 247040K, used 247024K [0x91cc0000, 0xa6480000, 0xa7200000)
  eden space 198912K, 100% used [0x91cc0000,0x9df00000,0x9df00000)
  from space 48128K, 99% used [0xa1bc0000,0xa4abc2c8,0xa4ac0000)
  to   space 62208K, 0% used [0x9df00000,0x9df00000,0xa1bc0000)
 ParOldGen       total 119552K, used 82944K [0x67200000, 0x6e6c0000, 0x91cc0000)
  object space 119552K, 69% used [0x67200000,0x6c300080,0x6e6c0000)
 Metaspace       used 3573K, capacity 3676K, committed 3736K, reserved 4400K
Event: 29.035 GC heap after
Heap after GC invocations=17 (full 4):
 PSYoungGen      total 261120K, used 35262K [0x91cc0000, 0xa7200000, 0xa7200000)
  eden space 198912K, 0% used [0x91cc0000,0x91cc0000,0x9df00000)
  from space 62208K, 56% used [0x9df00000,0xa016fb08,0xa1bc0000)
  to   space 61696K, 0% used [0xa35c0000,0xa35c0000,0xa7200000)
 ParOldGen       total 136704K, used 136399K [0x67200000, 0x6f780000, 0x91cc0000)
  object space 136704K, 99% used [0x67200000,0x6f733ee8,0x6f780000)
 Metaspace       used 3573K, capacity 3676K, committed 3736K, reserved 4400K
}
Event: 29.035 GC heap before
{Heap before GC invocations=18 (full 5):
 PSYoungGen      total 261120K, used 35262K [0x91cc0000, 0xa7200000, 0xa7200000)
  eden space 198912K, 0% used [0x91cc0000,0x91cc0000,0x9df00000)
  from space 62208K, 56% used [0x9df00000,0xa016fb08,0xa1bc0000)
  to   space 61696K, 0% used [0xa35c0000,0xa35c0000,0xa7200000)
 ParOldGen       total 136704K, used 136399K [0x67200000, 0x6f780000, 0x91cc0000)
  object space 136704K, 99% used [0x67200000,0x6f733ee8,0x6f780000)
 Metaspace       used 3573K, capacity 3676K, committed 3736K, reserved 4400K
Event: 30.728 GC heap after
Heap after GC invocations=18 (full 5):
 PSYoungGen      total 261120K, used 0K [0x91cc0000, 0xa7200000, 0xa7200000)
  eden space 198912K, 0% used [0x91cc0000,0x91cc0000,0x9df00000)
  from space 62208K, 0% used [0x9df00000,0x9df00000,0xa1bc0000)
  to   space 61696K, 0% used [0xa35c0000,0xa35c0000,0xa7200000)
 ParOldGen       total 157952K, used 80883K [0x67200000, 0x70c40000, 0x91cc0000)
  object space 157952K, 51% used [0x67200000,0x6c0fcfa0,0x70c40000)
 Metaspace       used 3573K, capacity 3676K, committed 3736K, reserved 4400K
}
Event: 34.755 GC heap before
{Heap before GC invocations=19 (full 5):
 PSYoungGen      total 261120K, used 198912K [0x91cc0000, 0xa7200000, 0xa7200000)
  eden space 198912K, 100% used [0x91cc0000,0x9df00000,0x9df00000)
  from space 62208K, 0% used [0x9df00000,0x9df00000,0xa1bc0000)
  to   space 61696K, 0% used [0xa35c0000,0xa35c0000,0xa7200000)
 ParOldGen       total 157952K, used 80883K [0x67200000, 0x70c40000, 0x91cc0000)
  object space 157952K, 51% used [0x67200000,0x6c0fcfa0,0x70c40000)
 Metaspace       used 3576K, capacity 3676K, committed 3736K, reserved 4400K
Event: 35.146 GC heap after
Heap after GC invocations=19 (full 5):
 PSYoungGen      total 252416K, used 61689K [0x91cc0000, 0xa7200000, 0xa7200000)
  eden space 190720K, 0% used [0x91cc0000,0x91cc0000,0x9d700000)
  from space 61696K, 99% used [0xa35c0000,0xa71fe408,0xa7200000)
  to   space 79360K, 0% used [0x9d700000,0x9d700000,0xa2480000)
 ParOldGen       total 157952K, used 103811K [0x67200000, 0x70c40000, 0x91cc0000)
  object space 157952K, 65% used [0x67200000,0x6d760ef8,0x70c40000)
 Metaspace       used 3576K, capacity 3676K, committed 3736K, reserved 4400K
}
Event: 43.297 GC heap before
{Heap before GC invocations=20 (full 5):
 PSYoungGen      total 252416K, used 252409K [0x91cc0000, 0xa7200000, 0xa7200000)
  eden space 190720K, 100% used [0x91cc0000,0x9d700000,0x9d700000)
  from space 61696K, 99% used [0xa35c0000,0xa71fe408,0xa7200000)
  to   space 79360K, 0% used [0x9d700000,0x9d700000,0xa2480000)
 ParOldGen       total 157952K, used 103811K [0x67200000, 0x70c40000, 0x91cc0000)
  object space 157952K, 65% used [0x67200000,0x6d760ef8,0x70c40000)
 Metaspace       used 3600K, capacity 3676K, committed 3736K, reserved 4400K

