# JRE version: Java(TM) SE Runtime Environment (8.0_20-b26) (build 1.8.0_20-b26)
# Java VM: Java HotSpot(TM) Server VM (25.20-b23 mixed mode linux-x86 )
Heap:
 PSYoungGen      total 258304K, used 0K [0x91cc0000, 0xa7200000, 0xa7200000)
  eden space 172544K, 0% used [0x91cc0000,0x91cc0000,0x9c540000)
  from space 85760K, 0% used [0xa1600000,0xa1600000,0xa69c0000)
  to   space 82688K, 0% used [0x9c540000,0x9c540000,0xa1600000)
 ParOldGen       total 261376K, used 246516K [0x67200000, 0x77140000, 0x91cc0000)
  object space 261376K, 94% used [0x67200000,0x762bd3e8,0x77140000)
 Metaspace       used 3699K, capacity 3740K, committed 3864K, reserved 4400K
GC Heap History (10 events):
Event: 38.688 GC heap after
Heap after GC invocations=22 (full 5):
 PSYoungGen      total 231168K, used 59368K [0x91cc0000, 0xa7200000, 0xa7200000)
  eden space 171776K, 0% used [0x91cc0000,0x91cc0000,0x9c480000)
  from space 59392K, 99% used [0x9c480000,0x9fe7a120,0x9fe80000)
  to   space 91648K, 0% used [0xa1880000,0xa1880000,0xa7200000)
 ParOldGen       total 172288K, used 155730K [0x67200000, 0x71a40000, 0x91cc0000)
  object space 172288K, 90% used [0x67200000,0x70a148b0,0x71a40000)
 Metaspace       used 3694K, capacity 3708K, committed 3736K, reserved 4400K
}
Event: 38.688 GC heap before
{Heap before GC invocations=23 (full 6):
 PSYoungGen      total 231168K, used 59368K [0x91cc0000, 0xa7200000, 0xa7200000)
  eden space 171776K, 0% used [0x91cc0000,0x91cc0000,0x9c480000)
  from space 59392K, 99% used [0x9c480000,0x9fe7a120,0x9fe80000)
  to   space 91648K, 0% used [0xa1880000,0xa1880000,0xa7200000)
 ParOldGen       total 172288K, used 155730K [0x67200000, 0x71a40000, 0x91cc0000)
  object space 172288K, 90% used [0x67200000,0x70a148b0,0x71a40000)
 Metaspace       used 3694K, capacity 3708K, committed 3736K, reserved 4400K
Event: 40.061 GC heap after
Heap after GC invocations=23 (full 6):
 PSYoungGen      total 231168K, used 0K [0x91cc0000, 0xa7200000, 0xa7200000)
  eden space 171776K, 0% used [0x91cc0000,0x91cc0000,0x9c480000)
  from space 59392K, 0% used [0x9c480000,0x9c480000,0x9fe80000)
  to   space 91648K, 0% used [0xa1880000,0xa1880000,0xa7200000)
 ParOldGen       total 261376K, used 169505K [0x67200000, 0x77140000, 0x91cc0000)
  object space 261376K, 64% used [0x67200000,0x717886a8,0x77140000)
 Metaspace       used 3694K, capacity 3708K, committed 3736K, reserved 4400K
}
Event: 41.466 GC heap before
{Heap before GC invocations=24 (full 6):
 PSYoungGen      total 231168K, used 171776K [0x91cc0000, 0xa7200000, 0xa7200000)
  eden space 171776K, 100% used [0x91cc0000,0x9c480000,0x9c480000)
  from space 59392K, 0% used [0x9c480000,0x9c480000,0x9fe80000)
  to   space 91648K, 0% used [0xa1880000,0xa1880000,0xa7200000)
 ParOldGen       total 261376K, used 169505K [0x67200000, 0x77140000, 0x91cc0000)
  object space 261376K, 64% used [0x67200000,0x717886a8,0x77140000)
 Metaspace       used 3695K, capacity 3708K, committed 3736K, reserved 4400K
Event: 41.607 GC heap after
Heap after GC invocations=24 (full 6):
 PSYoungGen      total 261120K, used 28897K [0x91cc0000, 0xa7200000, 0xa7200000)
  eden space 169472K, 0% used [0x91cc0000,0x91cc0000,0x9c240000)
  from space 91648K, 31% used [0xa1880000,0xa34b8600,0xa7200000)
  to   space 88320K, 0% used [0x9c240000,0x9c240000,0xa1880000)
 ParOldGen       total 261376K, used 169505K [0x67200000, 0x77140000, 0x91cc0000)
  object space 261376K, 64% used [0x67200000,0x717886a8,0x77140000)
 Metaspace       used 3695K, capacity 3708K, committed 3736K, reserved 4400K
}
Event: 42.933 GC heap before
{Heap before GC invocations=25 (full 6):
 PSYoungGen      total 261120K, used 198369K [0x91cc0000, 0xa7200000, 0xa7200000)
  eden space 169472K, 100% used [0x91cc0000,0x9c240000,0x9c240000)
  from space 91648K, 31% used [0xa1880000,0xa34b8600,0xa7200000)
  to   space 88320K, 0% used [0x9c240000,0x9c240000,0xa1880000)
 ParOldGen       total 261376K, used 169505K [0x67200000, 0x77140000, 0x91cc0000)
  object space 261376K, 64% used [0x67200000,0x717886a8,0x77140000)
 Metaspace       used 3696K, capacity 3708K, committed 3736K, reserved 4400K
Event: 43.195 GC heap after
Heap after GC invocations=25 (full 6):
 PSYoungGen      total 195072K, used 25458K [0x91cc0000, 0xa69c0000, 0xa7200000)
  eden space 169472K, 0% used [0x91cc0000,0x91cc0000,0x9c240000)
  from space 25600K, 99% used [0x9c240000,0x9db1ca48,0x9db40000)
  to   space 85760K, 0% used [0xa1600000,0xa1600000,0xa69c0000)
 ParOldGen       total 261376K, used 197109K [0x67200000, 0x77140000, 0x91cc0000)
  object space 261376K, 75% used [0x67200000,0x7327d7d8,0x77140000)
 Metaspace       used 3696K, capacity 3708K, committed 3736K, reserved 4400K
}
Event: 44.375 GC heap before
{Heap before GC invocations=26 (full 6):
 PSYoungGen      total 195072K, used 194930K [0x91cc0000, 0xa69c0000, 0xa7200000)
  eden space 169472K, 100% used [0x91cc0000,0x9c240000,0x9c240000)
  from space 25600K, 99% used [0x9c240000,0x9db1ca48,0x9db40000)
  to   space 85760K, 0% used [0xa1600000,0xa1600000,0xa69c0000)
 ParOldGen       total 261376K, used 197109K [0x67200000, 0x77140000, 0x91cc0000)
  object space 261376K, 75% used [0x67200000,0x7327d7d8,0x77140000)
 Metaspace       used 3699K, capacity 3740K, committed 3864K, reserved 4400K
Event: 44.549 GC heap after
Heap after GC invocations=26 (full 6):
 PSYoungGen      total 258304K, used 28116K [0x91cc0000, 0xa7200000, 0xa7200000)
  eden space 172544K, 0% used [0x91cc0000,0x91cc0000,0x9c540000)
  from space 85760K, 32% used [0xa1600000,0xa3175208,0xa69c0000)
  to   space 82688K, 0% used [0x9c540000,0x9c540000,0xa1600000)
 ParOldGen       total 261376K, used 221841K [0x67200000, 0x77140000, 0x91cc0000)
  object space 261376K, 84% used [0x67200000,0x74aa4570,0x77140000)
 Metaspace       used 3699K, capacity 3740K, committed 3864K, reserved 4400K
}
Event: 44.549 GC heap before
{Heap before GC invocations=27 (full 7):
 PSYoungGen      total 258304K, used 28116K [0x91cc0000, 0xa7200000, 0xa7200000)
  eden space 172544K, 0% used [0x91cc0000,0x91cc0000,0x9c540000)
  from space 85760K, 32% used [0xa1600000,0xa3175208,0xa69c0000)
  to   space 82688K, 0% used [0x9c540000,0x9c540000,0xa1600000)
 ParOldGen       total 261376K, used 221841K [0x67200000, 0x77140000, 0x91cc0000)
  object space 261376K, 84% used [0x67200000,0x74aa4570,0x77140000)
 Metaspace       used 3699K, capacity 3740K, committed 3864K, reserved 4400K

