# JRE version: Java(TM) SE Runtime Environment (8.0_20-b26) (build 1.8.0_20-b26)
# Java VM: Java HotSpot(TM) Server VM (25.20-b23 mixed mode linux-x86 )
Heap:
 PSYoungGen      total 196096K, used 12394K [0x91ac0000, 0xa0880000, 0xa7000000)
  eden space 148736K, 0% used [0x91ac0000,0x91ac0000,0x9ac00000)
  from space 47360K, 26% used [0x9ac00000,0x9b81a9c8,0x9da40000)
  to   space 43008K, 0% used [0x9de80000,0x9de80000,0xa0880000)
 ParOldGen       total 102656K, used 76041K [0x67000000, 0x6d440000, 0x91ac0000)
  object space 102656K, 74% used [0x67000000,0x6ba42688,0x6d440000)
 Metaspace       used 3530K, capacity 3644K, committed 3736K, reserved 4400K
GC Heap History (10 events):
Event: 7.086 GC heap after
Heap after GC invocations=9 (full 2):
 PSYoungGen      total 94976K, used 23798K [0x91ac0000, 0x9e1c0000, 0xa7000000)
  eden space 71168K, 0% used [0x91ac0000,0x91ac0000,0x96040000)
  from space 23808K, 99% used [0x96040000,0x9777db78,0x97780000)
  to   space 43776K, 0% used [0x9b700000,0x9b700000,0x9e1c0000)
 ParOldGen       total 82944K, used 74390K [0x67000000, 0x6c100000, 0x91ac0000)
  object space 82944K, 89% used [0x67000000,0x6b8a58d8,0x6c100000)
 Metaspace       used 3390K, capacity 3516K, committed 3608K, reserved 4400K
}
Event: 7.086 GC heap before
{Heap before GC invocations=10 (full 3):
 PSYoungGen      total 94976K, used 23798K [0x91ac0000, 0x9e1c0000, 0xa7000000)
  eden space 71168K, 0% used [0x91ac0000,0x91ac0000,0x96040000)
  from space 23808K, 99% used [0x96040000,0x9777db78,0x97780000)
  to   space 43776K, 0% used [0x9b700000,0x9b700000,0x9e1c0000)
 ParOldGen       total 82944K, used 74390K [0x67000000, 0x6c100000, 0x91ac0000)
  object space 82944K, 89% used [0x67000000,0x6b8a58d8,0x6c100000)
 Metaspace       used 3390K, capacity 3516K, committed 3608K, reserved 4400K
Event: 7.353 GC heap after
Heap after GC invocations=10 (full 3):
 PSYoungGen      total 94976K, used 0K [0x91ac0000, 0x9e1c0000, 0xa7000000)
  eden space 71168K, 0% used [0x91ac0000,0x91ac0000,0x96040000)
  from space 23808K, 0% used [0x96040000,0x96040000,0x97780000)
  to   space 43776K, 0% used [0x9b700000,0x9b700000,0x9e1c0000)
 ParOldGen       total 102656K, used 50358K [0x67000000, 0x6d440000, 0x91ac0000)
  object space 102656K, 49% used [0x67000000,0x6a12da30,0x6d440000)
 Metaspace       used 3390K, capacity 3516K, committed 3608K, reserved 4400K
}
Event: 9.536 GC heap before
{Heap before GC invocations=11 (full 3):
 PSYoungGen      total 94976K, used 71168K [0x91ac0000, 0x9e1c0000, 0xa7000000)
  eden space 71168K, 100% used [0x91ac0000,0x96040000,0x96040000)
  from space 23808K, 0% used [0x96040000,0x96040000,0x97780000)
  to   space 43776K, 0% used [0x9b700000,0x9b700000,0x9e1c0000)
 ParOldGen       total 102656K, used 50358K [0x67000000, 0x6d440000, 0x91ac0000)
  object space 102656K, 49% used [0x67000000,0x6a12da30,0x6d440000)
 Metaspace       used 3456K, capacity 3580K, committed 3608K, reserved 4400K
Event: 9.619 GC heap after
Heap after GC invocations=11 (full 3):
 PSYoungGen      total 156672K, used 30401K [0x91ac0000, 0x9e280000, 0xa7000000)
  eden space 112896K, 0% used [0x91ac0000,0x91ac0000,0x98900000)
  from space 43776K, 69% used [0x9b700000,0x9d4b04e0,0x9e1c0000)
  to   space 45824K, 0% used [0x98900000,0x98900000,0x9b5c0000)
 ParOldGen       total 102656K, used 50362K [0x67000000, 0x6d440000, 0x91ac0000)
  object space 102656K, 49% used [0x67000000,0x6a12ea30,0x6d440000)
 Metaspace       used 3456K, capacity 3580K, committed 3608K, reserved 4400K
}
Event: 11.815 GC heap before
{Heap before GC invocations=12 (full 3):
 PSYoungGen      total 156672K, used 143297K [0x91ac0000, 0x9e280000, 0xa7000000)
  eden space 112896K, 100% used [0x91ac0000,0x98900000,0x98900000)
  from space 43776K, 69% used [0x9b700000,0x9d4b04e0,0x9e1c0000)
  to   space 45824K, 0% used [0x98900000,0x98900000,0x9b5c0000)
 ParOldGen       total 102656K, used 50362K [0x67000000, 0x6d440000, 0x91ac0000)
  object space 102656K, 49% used [0x67000000,0x6a12ea30,0x6d440000)
 Metaspace       used 3471K, capacity 3580K, committed 3608K, reserved 4400K
Event: 12.036 GC heap after
Heap after GC invocations=12 (full 3):
 PSYoungGen      total 158720K, used 35497K [0x91ac0000, 0xa0e80000, 0xa7000000)
  eden space 112896K, 0% used [0x91ac0000,0x91ac0000,0x98900000)
  from space 45824K, 77% used [0x98900000,0x9abaa550,0x9b5c0000)
  to   space 49152K, 0% used [0x9de80000,0x9de80000,0xa0e80000)
 ParOldGen       total 102656K, used 50366K [0x67000000, 0x6d440000, 0x91ac0000)
  object space 102656K, 49% used [0x67000000,0x6a12fa30,0x6d440000)
 Metaspace       used 3471K, capacity 3580K, committed 3608K, reserved 4400K
}
Event: 14.790 GC heap before
{Heap before GC invocations=13 (full 3):
 PSYoungGen      total 158720K, used 148393K [0x91ac0000, 0xa0e80000, 0xa7000000)
  eden space 112896K, 100% used [0x91ac0000,0x98900000,0x98900000)
  from space 45824K, 77% used [0x98900000,0x9abaa550,0x9b5c0000)
  to   space 49152K, 0% used [0x9de80000,0x9de80000,0xa0e80000)
 ParOldGen       total 102656K, used 50366K [0x67000000, 0x6d440000, 0x91ac0000)
  object space 102656K, 49% used [0x67000000,0x6a12fa30,0x6d440000)
 Metaspace       used 3499K, capacity 3612K, committed 3736K, reserved 4400K
Event: 14.926 GC heap after
Heap after GC invocations=13 (full 3):
 PSYoungGen      total 191744K, used 16732K [0x91ac0000, 0xa0880000, 0xa7000000)
  eden space 148736K, 0% used [0x91ac0000,0x91ac0000,0x9ac00000)
  from space 43008K, 38% used [0x9de80000,0x9eed70b0,0xa0880000)
  to   space 47360K, 0% used [0x9ac00000,0x9ac00000,0x9da40000)
 ParOldGen       total 102656K, used 60331K [0x67000000, 0x6d440000, 0x91ac0000)
  object space 102656K, 58% used [0x67000000,0x6aaeafd8,0x6d440000)
 Metaspace       used 3499K, capacity 3612K, committed 3736K, reserved 4400K
}
Event: 20.573 GC heap before
{Heap before GC invocations=14 (full 3):
 PSYoungGen      total 191744K, used 165468K [0x91ac0000, 0xa0880000, 0xa7000000)
  eden space 148736K, 100% used [0x91ac0000,0x9ac00000,0x9ac00000)
  from space 43008K, 38% used [0x9de80000,0x9eed70b0,0xa0880000)
  to   space 47360K, 0% used [0x9ac00000,0x9ac00000,0x9da40000)
 ParOldGen       total 102656K, used 60331K [0x67000000, 0x6d440000, 0x91ac0000)
  object space 102656K, 58% used [0x67000000,0x6aaeafd8,0x6d440000)
 Metaspace       used 3530K, capacity 3644K, committed 3736K, reserved 4400K

