# JRE version: Java(TM) SE Runtime Environment (8.0_20-b26) (build 1.8.0_20-b26)
# Java VM: Java HotSpot(TM) Server VM (25.20-b23 mixed mode linux-x86 )
Heap:
 PSYoungGen      total 301824K, used 272662K [0x91ac0000, 0xa6dc0000, 0xa7000000)
  eden space 256768K, 96% used [0x91ac0000,0xa0c9d3f0,0xa1580000)
  from space 45056K, 55% used [0xa1580000,0xa2de8730,0xa4180000)
  to   space 44032K, 0% used [0xa42c0000,0xa42c0000,0xa6dc0000)
 ParOldGen       total 186624K, used 122533K [0x67000000, 0x72640000, 0x91ac0000)
  object space 186624K, 65% used [0x67000000,0x6e7a9500,0x72640000)
 Metaspace       used 83033K, capacity 85476K, committed 89472K, reserved 90416K
GC Heap History (10 events):
Event: 8703.154 GC heap before
{Heap before GC invocations=73 (full 27):
 PSYoungGen      total 300288K, used 218509K [0x91ac0000, 0xa7000000, 0xa7000000)
  eden space 261376K, 68% used [0x91ac0000,0x9ca31a80,0xa1a00000)
  from space 38912K, 99% used [0xa1a00000,0xa3ff1a58,0xa4000000)
  to   space 46336K, 0% used [0xa42c0000,0xa42c0000,0xa7000000)
 ParOldGen       total 186624K, used 98499K [0x67000000, 0x72640000, 0x91ac0000)
  object space 186624K, 52% used [0x67000000,0x6d030d30,0x72640000)
 Metaspace       used 72869K, capacity 75001K, committed 89472K, reserved 90416K
Event: 8703.294 GC heap after
Heap after GC invocations=73 (full 27):
 PSYoungGen      total 302592K, used 34091K [0x91ac0000, 0xa7000000, 0xa7000000)
  eden space 256256K, 0% used [0x91ac0000,0x91ac0000,0xa1500000)
  from space 46336K, 73% used [0xa42c0000,0xa640ad70,0xa7000000)
  to   space 46592K, 0% used [0xa1500000,0xa1500000,0xa4280000)
 ParOldGen       total 186624K, used 98499K [0x67000000, 0x72640000, 0x91ac0000)
  object space 186624K, 52% used [0x67000000,0x6d030d30,0x72640000)
 Metaspace       used 72869K, capacity 75001K, committed 89472K, reserved 90416K
}
Event: 8703.294 GC heap before
{Heap before GC invocations=74 (full 28):
 PSYoungGen      total 302592K, used 34091K [0x91ac0000, 0xa7000000, 0xa7000000)
  eden space 256256K, 0% used [0x91ac0000,0x91ac0000,0xa1500000)
  from space 46336K, 73% used [0xa42c0000,0xa640ad70,0xa7000000)
  to   space 46592K, 0% used [0xa1500000,0xa1500000,0xa4280000)
 ParOldGen       total 186624K, used 98499K [0x67000000, 0x72640000, 0x91ac0000)
  object space 186624K, 52% used [0x67000000,0x6d030d30,0x72640000)
 Metaspace       used 72869K, capacity 75001K, committed 89472K, reserved 90416K
Event: 8704.542 GC heap after
Heap after GC invocations=74 (full 28):
 PSYoungGen      total 302592K, used 0K [0x91ac0000, 0xa7000000, 0xa7000000)
  eden space 256256K, 0% used [0x91ac0000,0x91ac0000,0xa1500000)
  from space 46336K, 0% used [0xa42c0000,0xa42c0000,0xa7000000)
  to   space 46592K, 0% used [0xa1500000,0xa1500000,0xa4280000)
 ParOldGen       total 186624K, used 122529K [0x67000000, 0x72640000, 0x91ac0000)
  object space 186624K, 65% used [0x67000000,0x6e7a8500,0x72640000)
 Metaspace       used 72869K, capacity 75001K, committed 89472K, reserved 90416K
}
Event: 8784.041 GC heap before
{Heap before GC invocations=75 (full 28):
 PSYoungGen      total 302592K, used 256256K [0x91ac0000, 0xa7000000, 0xa7000000)
  eden space 256256K, 100% used [0x91ac0000,0xa1500000,0xa1500000)
  from space 46336K, 0% used [0xa42c0000,0xa42c0000,0xa7000000)
  to   space 46592K, 0% used [0xa1500000,0xa1500000,0xa4280000)
 ParOldGen       total 186624K, used 122529K [0x67000000, 0x72640000, 0x91ac0000)
  object space 186624K, 65% used [0x67000000,0x6e7a8500,0x72640000)
 Metaspace       used 77101K, capacity 79430K, committed 89472K, reserved 90416K
Event: 8784.160 GC heap after
Heap after GC invocations=75 (full 28):
 PSYoungGen      total 282880K, used 26545K [0x91ac0000, 0xa6dc0000, 0xa7000000)
  eden space 256256K, 0% used [0x91ac0000,0x91ac0000,0xa1500000)
  from space 26624K, 99% used [0xa1500000,0xa2eec670,0xa2f00000)
  to   space 45312K, 0% used [0xa4180000,0xa4180000,0xa6dc0000)
 ParOldGen       total 186624K, used 122533K [0x67000000, 0x72640000, 0x91ac0000)
  object space 186624K, 65% used [0x67000000,0x6e7a9500,0x72640000)
 Metaspace       used 77101K, capacity 79430K, committed 89472K, reserved 90416K
}
Event: 8790.298 GC heap before
{Heap before GC invocations=76 (full 28):
 PSYoungGen      total 282880K, used 282801K [0x91ac0000, 0xa6dc0000, 0xa7000000)
  eden space 256256K, 100% used [0x91ac0000,0xa1500000,0xa1500000)
  from space 26624K, 99% used [0xa1500000,0xa2eec670,0xa2f00000)
  to   space 45312K, 0% used [0xa4180000,0xa4180000,0xa6dc0000)
 ParOldGen       total 186624K, used 122533K [0x67000000, 0x72640000, 0x91ac0000)
  object space 186624K, 65% used [0x67000000,0x6e7a9500,0x72640000)
 Metaspace       used 77117K, capacity 79462K, committed 89472K, reserved 90416K
Event: 8790.394 GC heap after
Heap after GC invocations=76 (full 28):
 PSYoungGen      total 302080K, used 21482K [0x91ac0000, 0xa7000000, 0xa7000000)
  eden space 256768K, 0% used [0x91ac0000,0x91ac0000,0xa1580000)
  from space 45312K, 47% used [0xa4180000,0xa567aa28,0xa6dc0000)
  to   space 45056K, 0% used [0xa1580000,0xa1580000,0xa4180000)
 ParOldGen       total 186624K, used 122533K [0x67000000, 0x72640000, 0x91ac0000)
  object space 186624K, 65% used [0x67000000,0x6e7a9500,0x72640000)
 Metaspace       used 77117K, capacity 79462K, committed 89472K, reserved 90416K
}
Event: 8798.151 GC heap before
{Heap before GC invocations=77 (full 28):
 PSYoungGen      total 302080K, used 278250K [0x91ac0000, 0xa7000000, 0xa7000000)
  eden space 256768K, 100% used [0x91ac0000,0xa1580000,0xa1580000)
  from space 45312K, 47% used [0xa4180000,0xa567aa28,0xa6dc0000)
  to   space 45056K, 0% used [0xa1580000,0xa1580000,0xa4180000)
 ParOldGen       total 186624K, used 122533K [0x67000000, 0x72640000, 0x91ac0000)
  object space 186624K, 65% used [0x67000000,0x6e7a9500,0x72640000)
 Metaspace       used 79651K, capacity 82087K, committed 89472K, reserved 90416K
Event: 8798.239 GC heap after
Heap after GC invocations=77 (full 28):
 PSYoungGen      total 301824K, used 24993K [0x91ac0000, 0xa6dc0000, 0xa7000000)
  eden space 256768K, 0% used [0x91ac0000,0x91ac0000,0xa1580000)
  from space 45056K, 55% used [0xa1580000,0xa2de8730,0xa4180000)
  to   space 44032K, 0% used [0xa42c0000,0xa42c0000,0xa6dc0000)
 ParOldGen       total 186624K, used 122533K [0x67000000, 0x72640000, 0x91ac0000)
  object space 186624K, 65% used [0x67000000,0x6e7a9500,0x72640000)
 Metaspace       used 79651K, capacity 82087K, committed 89472K, reserved 90416K
}

