# JRE version: Java(TM) SE Runtime Environment (8.0_20-b26) (build 1.8.0_20-b26)
# Java VM: Java HotSpot(TM) Server VM (25.20-b23 mixed mode linux-x86 )
Heap:
 PSYoungGen      total 232960K, used 19733K [0x91ac0000, 0xa7000000, 0xa7000000)
  eden space 116480K, 0% used [0x91ac0000,0x91ac0000,0x98c80000)
  from space 116480K, 16% used [0x9fe40000,0xa11857f0,0xa7000000)
  to   space 116480K, 0% used [0x98c80000,0x98c80000,0x9fe40000)
 ParOldGen       total 136192K, used 136152K [0x67000000, 0x6f500000, 0x91ac0000)
  object space 136192K, 99% used [0x67000000,0x6f4f6320,0x6f500000)
 Metaspace       used 3702K, capacity 3710K, committed 3736K, reserved 4400K
GC Heap History (10 events):
Event: 57.794 GC heap after
Heap after GC invocations=20 (full 4):
 PSYoungGen      total 219648K, used 98261K [0x91ac0000, 0xa7000000, 0xa7000000)
  eden space 120064K, 0% used [0x91ac0000,0x91ac0000,0x99000000)
  from space 99584K, 98% used [0xa0ec0000,0xa6eb5670,0xa7000000)
  to   space 114688K, 0% used [0x99000000,0x99000000,0xa0000000)
 ParOldGen       total 136192K, used 67947K [0x67000000, 0x6f500000, 0x91ac0000)
  object space 136192K, 49% used [0x67000000,0x6b25af50,0x6f500000)
 Metaspace       used 3591K, capacity 3676K, committed 3736K, reserved 4400K
}
Event: 59.720 GC heap before
{Heap before GC invocations=21 (full 4):
 PSYoungGen      total 219648K, used 218325K [0x91ac0000, 0xa7000000, 0xa7000000)
  eden space 120064K, 100% used [0x91ac0000,0x99000000,0x99000000)
  from space 99584K, 98% used [0xa0ec0000,0xa6eb5670,0xa7000000)
  to   space 114688K, 0% used [0x99000000,0x99000000,0xa0000000)
 ParOldGen       total 136192K, used 67947K [0x67000000, 0x6f500000, 0x91ac0000)
  object space 136192K, 49% used [0x67000000,0x6b25af50,0x6f500000)
 Metaspace       used 3614K, capacity 3676K, committed 3736K, reserved 4400K
Event: 60.117 GC heap after
Heap after GC invocations=21 (full 4):
 PSYoungGen      total 197888K, used 77619K [0x91ac0000, 0xa7000000, 0xa7000000)
  eden space 120064K, 0% used [0x91ac0000,0x91ac0000,0x99000000)
  from space 77824K, 99% used [0x99000000,0x9dbccea8,0x9dc00000)
  to   space 116480K, 0% used [0x9fe40000,0x9fe40000,0xa7000000)
 ParOldGen       total 136192K, used 67951K [0x67000000, 0x6f500000, 0x91ac0000)
  object space 136192K, 49% used [0x67000000,0x6b25bf50,0x6f500000)
 Metaspace       used 3614K, capacity 3676K, committed 3736K, reserved 4400K
}
Event: 63.991 GC heap before
{Heap before GC invocations=22 (full 4):
 PSYoungGen      total 197888K, used 197683K [0x91ac0000, 0xa7000000, 0xa7000000)
  eden space 120064K, 100% used [0x91ac0000,0x99000000,0x99000000)
  from space 77824K, 99% used [0x99000000,0x9dbccea8,0x9dc00000)
  to   space 116480K, 0% used [0x9fe40000,0x9fe40000,0xa7000000)
 ParOldGen       total 136192K, used 67951K [0x67000000, 0x6f500000, 0x91ac0000)
  object space 136192K, 49% used [0x67000000,0x6b25bf50,0x6f500000)
 Metaspace       used 3690K, capacity 3708K, committed 3736K, reserved 4400K
Event: 64.640 GC heap after
Heap after GC invocations=22 (full 4):
 PSYoungGen      total 232960K, used 82896K [0x91ac0000, 0xa7000000, 0xa7000000)
  eden space 116480K, 0% used [0x91ac0000,0x91ac0000,0x98c80000)
  from space 116480K, 71% used [0x9fe40000,0xa4f341f0,0xa7000000)
  to   space 116480K, 0% used [0x98c80000,0x98c80000,0x9fe40000)
 ParOldGen       total 136192K, used 81374K [0x67000000, 0x6f500000, 0x91ac0000)
  object space 136192K, 59% used [0x67000000,0x6bf77828,0x6f500000)
 Metaspace       used 3690K, capacity 3708K, committed 3736K, reserved 4400K
}
Event: 66.771 GC heap before
{Heap before GC invocations=23 (full 4):
 PSYoungGen      total 232960K, used 199376K [0x91ac0000, 0xa7000000, 0xa7000000)
  eden space 116480K, 100% used [0x91ac0000,0x98c80000,0x98c80000)
  from space 116480K, 71% used [0x9fe40000,0xa4f341f0,0xa7000000)
  to   space 116480K, 0% used [0x98c80000,0x98c80000,0x9fe40000)
 ParOldGen       total 136192K, used 81374K [0x67000000, 0x6f500000, 0x91ac0000)
  object space 136192K, 59% used [0x67000000,0x6bf77828,0x6f500000)
 Metaspace       used 3695K, capacity 3708K, committed 3736K, reserved 4400K
Event: 67.231 GC heap after
Heap after GC invocations=23 (full 4):
 PSYoungGen      total 232960K, used 80550K [0x91ac0000, 0xa7000000, 0xa7000000)
  eden space 116480K, 0% used [0x91ac0000,0x91ac0000,0x98c80000)
  from space 116480K, 69% used [0x98c80000,0x9db299b0,0x9fe40000)
  to   space 116480K, 0% used [0x9fe40000,0x9fe40000,0xa7000000)
 ParOldGen       total 136192K, used 100672K [0x67000000, 0x6f500000, 0x91ac0000)
  object space 136192K, 73% used [0x67000000,0x6d250340,0x6f500000)
 Metaspace       used 3695K, capacity 3708K, committed 3736K, reserved 4400K
}
Event: 68.507 GC heap before
{Heap before GC invocations=24 (full 4):
 PSYoungGen      total 232960K, used 197030K [0x91ac0000, 0xa7000000, 0xa7000000)
  eden space 116480K, 100% used [0x91ac0000,0x98c80000,0x98c80000)
  from space 116480K, 69% used [0x98c80000,0x9db299b0,0x9fe40000)
  to   space 116480K, 0% used [0x9fe40000,0x9fe40000,0xa7000000)
 ParOldGen       total 136192K, used 100672K [0x67000000, 0x6f500000, 0x91ac0000)
  object space 136192K, 73% used [0x67000000,0x6d250340,0x6f500000)
 Metaspace       used 3702K, capacity 3710K, committed 3736K, reserved 4400K
Event: 69.045 GC heap after
Heap after GC invocations=24 (full 4):
 PSYoungGen      total 232960K, used 76950K [0x91ac0000, 0xa7000000, 0xa7000000)
  eden space 116480K, 0% used [0x91ac0000,0x91ac0000,0x98c80000)
  from space 116480K, 66% used [0x9fe40000,0xa4965928,0xa7000000)
  to   space 116480K, 0% used [0x98c80000,0x98c80000,0x9fe40000)
 ParOldGen       total 136192K, used 121090K [0x67000000, 0x6f500000, 0x91ac0000)
  object space 136192K, 88% used [0x67000000,0x6e640808,0x6f500000)
 Metaspace       used 3702K, capacity 3710K, committed 3736K, reserved 4400K
}
Event: 69.046 GC heap before
{Heap before GC invocations=25 (full 5):
 PSYoungGen      total 232960K, used 76950K [0x91ac0000, 0xa7000000, 0xa7000000)
  eden space 116480K, 0% used [0x91ac0000,0x91ac0000,0x98c80000)
  from space 116480K, 66% used [0x9fe40000,0xa4965928,0xa7000000)
  to   space 116480K, 0% used [0x98c80000,0x98c80000,0x9fe40000)
 ParOldGen       total 136192K, used 121090K [0x67000000, 0x6f500000, 0x91ac0000)
  object space 136192K, 88% used [0x67000000,0x6e640808,0x6f500000)
 Metaspace       used 3702K, capacity 3710K, committed 3736K, reserved 4400K

