# JRE version: Java(TM) SE Runtime Environment (8.0_20-b26) (build 1.8.0_20-b26)
# Java VM: Java HotSpot(TM) Server VM (25.20-b23 mixed mode linux-x86 )
Heap:
 PSYoungGen      total 120320K, used 55537K [0x91cc0000, 0x9d580000, 0xa7200000)
  eden space 64768K, 0% used [0x91cc0000,0x91cc0000,0x95c00000)
  from space 55552K, 99% used [0x95c00000,0x9923c628,0x99240000)
  to   space 42752K, 0% used [0x99240000,0x99240000,0x9bc00000)
 ParOldGen       total 97280K, used 82716K [0x67200000, 0x6d100000, 0x91cc0000)
  object space 97280K, 85% used [0x67200000,0x6c2c7098,0x6d100000)
 Metaspace       used 3464K, capacity 3580K, committed 3608K, reserved 4400K
GC Heap History (10 events):
Event: 8.314 GC heap after
Heap after GC invocations=11 (full 2):
 PSYoungGen      total 64768K, used 21243K [0x91cc0000, 0x9a040000, 0xa7200000)
  eden space 43520K, 0% used [0x91cc0000,0x91cc0000,0x94740000)
  from space 21248K, 99% used [0x94740000,0x95bfec60,0x95c00000)
  to   space 37888K, 0% used [0x97b40000,0x97b40000,0x9a040000)
 ParOldGen       total 74752K, used 72000K [0x67200000, 0x6bb00000, 0x91cc0000)
  object space 74752K, 96% used [0x67200000,0x6b8500f8,0x6bb00000)
 Metaspace       used 3376K, capacity 3516K, committed 3608K, reserved 4400K
}
Event: 8.314 GC heap before
{Heap before GC invocations=12 (full 3):
 PSYoungGen      total 64768K, used 21243K [0x91cc0000, 0x9a040000, 0xa7200000)
  eden space 43520K, 0% used [0x91cc0000,0x91cc0000,0x94740000)
  from space 21248K, 99% used [0x94740000,0x95bfec60,0x95c00000)
  to   space 37888K, 0% used [0x97b40000,0x97b40000,0x9a040000)
 ParOldGen       total 74752K, used 72000K [0x67200000, 0x6bb00000, 0x91cc0000)
  object space 74752K, 96% used [0x67200000,0x6b8500f8,0x6bb00000)
 Metaspace       used 3376K, capacity 3516K, committed 3608K, reserved 4400K
Event: 8.645 GC heap after
Heap after GC invocations=12 (full 3):
 PSYoungGen      total 64768K, used 0K [0x91cc0000, 0x9a040000, 0xa7200000)
  eden space 43520K, 0% used [0x91cc0000,0x91cc0000,0x94740000)
  from space 21248K, 0% used [0x94740000,0x94740000,0x95c00000)
  to   space 37888K, 0% used [0x97b40000,0x97b40000,0x9a040000)
 ParOldGen       total 97280K, used 45615K [0x67200000, 0x6d100000, 0x91cc0000)
  object space 97280K, 46% used [0x67200000,0x69e8bf08,0x6d100000)
 Metaspace       used 3376K, capacity 3516K, committed 3608K, reserved 4400K
}
Event: 9.217 GC heap before
{Heap before GC invocations=13 (full 3):
 PSYoungGen      total 64768K, used 43520K [0x91cc0000, 0x9a040000, 0xa7200000)
  eden space 43520K, 100% used [0x91cc0000,0x94740000,0x94740000)
  from space 21248K, 0% used [0x94740000,0x94740000,0x95c00000)
  to   space 37888K, 0% used [0x97b40000,0x97b40000,0x9a040000)
 ParOldGen       total 97280K, used 45615K [0x67200000, 0x6d100000, 0x91cc0000)
  object space 97280K, 46% used [0x67200000,0x69e8bf08,0x6d100000)
 Metaspace       used 3379K, capacity 3516K, committed 3608K, reserved 4400K
Event: 9.292 GC heap after
Heap after GC invocations=13 (full 3):
 PSYoungGen      total 95232K, used 7137K [0x91cc0000, 0x99ec0000, 0xa7200000)
  eden space 58880K, 0% used [0x91cc0000,0x91cc0000,0x95640000)
  from space 36352K, 19% used [0x97b40000,0x982387d8,0x99ec0000)
  to   space 37120K, 0% used [0x95640000,0x95640000,0x97a80000)
 ParOldGen       total 97280K, used 45615K [0x67200000, 0x6d100000, 0x91cc0000)
  object space 97280K, 46% used [0x67200000,0x69e8bf08,0x6d100000)
 Metaspace       used 3379K, capacity 3516K, committed 3608K, reserved 4400K
}
Event: 13.596 GC heap before
{Heap before GC invocations=14 (full 3):
 PSYoungGen      total 95232K, used 66017K [0x91cc0000, 0x99ec0000, 0xa7200000)
  eden space 58880K, 100% used [0x91cc0000,0x95640000,0x95640000)
  from space 36352K, 19% used [0x97b40000,0x982387d8,0x99ec0000)
  to   space 37120K, 0% used [0x95640000,0x95640000,0x97a80000)
 ParOldGen       total 97280K, used 45615K [0x67200000, 0x6d100000, 0x91cc0000)
  object space 97280K, 46% used [0x67200000,0x69e8bf08,0x6d100000)
 Metaspace       used 3447K, capacity 3580K, committed 3608K, reserved 4400K
Event: 13.686 GC heap after
Heap after GC invocations=14 (full 3):
 PSYoungGen      total 96000K, used 35766K [0x91cc0000, 0x9bc00000, 0xa7200000)
  eden space 58880K, 0% used [0x91cc0000,0x91cc0000,0x95640000)
  from space 37120K, 96% used [0x95640000,0x9792d800,0x97a80000)
  to   space 42752K, 0% used [0x99240000,0x99240000,0x9bc00000)
 ParOldGen       total 97280K, used 45619K [0x67200000, 0x6d100000, 0x91cc0000)
  object space 97280K, 46% used [0x67200000,0x69e8cf08,0x6d100000)
 Metaspace       used 3447K, capacity 3580K, committed 3608K, reserved 4400K
}
Event: 14.162 GC heap before
{Heap before GC invocations=15 (full 3):
 PSYoungGen      total 96000K, used 94646K [0x91cc0000, 0x9bc00000, 0xa7200000)
  eden space 58880K, 100% used [0x91cc0000,0x95640000,0x95640000)
  from space 37120K, 96% used [0x95640000,0x9792d800,0x97a80000)
  to   space 42752K, 0% used [0x99240000,0x99240000,0x9bc00000)
 ParOldGen       total 97280K, used 45619K [0x67200000, 0x6d100000, 0x91cc0000)
  object space 97280K, 46% used [0x67200000,0x69e8cf08,0x6d100000)
 Metaspace       used 3449K, capacity 3580K, committed 3608K, reserved 4400K
Event: 14.307 GC heap after
Heap after GC invocations=15 (full 3):
 PSYoungGen      total 107520K, used 42744K [0x91cc0000, 0x9d580000, 0xa7200000)
  eden space 64768K, 0% used [0x91cc0000,0x91cc0000,0x95c00000)
  from space 42752K, 99% used [0x99240000,0x9bbfe0b8,0x9bc00000)
  to   space 55552K, 0% used [0x95c00000,0x95c00000,0x99240000)
 ParOldGen       total 97280K, used 61243K [0x67200000, 0x6d100000, 0x91cc0000)
  object space 97280K, 62% used [0x67200000,0x6adcecb8,0x6d100000)
 Metaspace       used 3449K, capacity 3580K, committed 3608K, reserved 4400K
}
Event: 17.006 GC heap before
{Heap before GC invocations=16 (full 3):
 PSYoungGen      total 107520K, used 107512K [0x91cc0000, 0x9d580000, 0xa7200000)
  eden space 64768K, 100% used [0x91cc0000,0x95c00000,0x95c00000)
  from space 42752K, 99% used [0x99240000,0x9bbfe0b8,0x9bc00000)
  to   space 55552K, 0% used [0x95c00000,0x95c00000,0x99240000)
 ParOldGen       total 97280K, used 61243K [0x67200000, 0x6d100000, 0x91cc0000)
  object space 97280K, 62% used [0x67200000,0x6adcecb8,0x6d100000)
 Metaspace       used 3464K, capacity 3580K, committed 3608K, reserved 4400K

