# JRE version: Java(TM) SE Runtime Environment (8.0_20-b26) (build 1.8.0_20-b26)
# Java VM: Java HotSpot(TM) Server VM (25.20-b23 mixed mode linux-x86 )
Heap:
 PSYoungGen      total 46848K, used 6403K [0x91ac0000, 0x94a40000, 0xa7000000)
  eden space 45056K, 10% used [0x91ac0000,0x91f42bc0,0x946c0000)
  from space 1792K, 99% used [0x94880000,0x94a3e280,0x94a40000)
  to   space 1792K, 0% used [0x946c0000,0x946c0000,0x94880000)
 ParOldGen       total 30208K, used 10203K [0x67000000, 0x68d80000, 0x91ac0000)
  object space 30208K, 33% used [0x67000000,0x679f6f18,0x68d80000)
 Metaspace       used 3958K, capacity 3966K, committed 3992K, reserved 4400K
GC Heap History (8 events):
Event: 3.210 GC heap before
{Heap before GC invocations=1 (full 0):
 PSYoungGen      total 13056K, used 11264K [0x91ac0000, 0x92940000, 0xa7000000)
  eden space 11264K, 100% used [0x91ac0000,0x925c0000,0x925c0000)
  from space 1792K, 0% used [0x92780000,0x92780000,0x92940000)
  to   space 1792K, 0% used [0x925c0000,0x925c0000,0x92780000)
 ParOldGen       total 30208K, used 0K [0x67000000, 0x68d80000, 0x91ac0000)
  object space 30208K, 0% used [0x67000000,0x67000000,0x68d80000)
 Metaspace       used 3241K, capacity 3388K, committed 3480K, reserved 4400K
Event: 3.243 GC heap after
Heap after GC invocations=1 (full 0):
 PSYoungGen      total 13056K, used 1778K [0x91ac0000, 0x93440000, 0xa7000000)
  eden space 11264K, 0% used [0x91ac0000,0x91ac0000,0x925c0000)
  from space 1792K, 99% used [0x925c0000,0x9277cac0,0x92780000)
  to   space 1792K, 0% used [0x93280000,0x93280000,0x93440000)
 ParOldGen       total 30208K, used 1251K [0x67000000, 0x68d80000, 0x91ac0000)
  object space 30208K, 4% used [0x67000000,0x67138f88,0x68d80000)
 Metaspace       used 3241K, capacity 3388K, committed 3480K, reserved 4400K
}
Event: 5.050 GC heap before
{Heap before GC invocations=2 (full 0):
 PSYoungGen      total 13056K, used 13042K [0x91ac0000, 0x93440000, 0xa7000000)
  eden space 11264K, 100% used [0x91ac0000,0x925c0000,0x925c0000)
  from space 1792K, 99% used [0x925c0000,0x9277cac0,0x92780000)
  to   space 1792K, 0% used [0x93280000,0x93280000,0x93440000)
 ParOldGen       total 30208K, used 1251K [0x67000000, 0x68d80000, 0x91ac0000)
  object space 30208K, 4% used [0x67000000,0x67138f88,0x68d80000)
 Metaspace       used 3436K, capacity 3548K, committed 3608K, reserved 4400K
Event: 5.089 GC heap after
Heap after GC invocations=2 (full 0):
 PSYoungGen      total 24320K, used 1778K [0x91ac0000, 0x93440000, 0xa7000000)
  eden space 22528K, 0% used [0x91ac0000,0x91ac0000,0x930c0000)
  from space 1792K, 99% used [0x93280000,0x9343caf0,0x93440000)
  to   space 1792K, 0% used [0x930c0000,0x930c0000,0x93280000)
 ParOldGen       total 30208K, used 2957K [0x67000000, 0x68d80000, 0x91ac0000)
  object space 30208K, 9% used [0x67000000,0x672e3450,0x68d80000)
 Metaspace       used 3436K, capacity 3548K, committed 3608K, reserved 4400K
}
Event: 7.778 GC heap before
{Heap before GC invocations=3 (full 0):
 PSYoungGen      total 24320K, used 24306K [0x91ac0000, 0x93440000, 0xa7000000)
  eden space 22528K, 100% used [0x91ac0000,0x930c0000,0x930c0000)
  from space 1792K, 99% used [0x93280000,0x9343caf0,0x93440000)
  to   space 1792K, 0% used [0x930c0000,0x930c0000,0x93280000)
 ParOldGen       total 30208K, used 2957K [0x67000000, 0x68d80000, 0x91ac0000)
  object space 30208K, 9% used [0x67000000,0x672e3450,0x68d80000)
 Metaspace       used 3527K, capacity 3612K, committed 3736K, reserved 4400K
Event: 8.003 GC heap after
Heap after GC invocations=3 (full 0):
 PSYoungGen      total 24320K, used 1790K [0x91ac0000, 0x94a40000, 0xa7000000)
  eden space 22528K, 0% used [0x91ac0000,0x91ac0000,0x930c0000)
  from space 1792K, 99% used [0x930c0000,0x9327f9b0,0x93280000)
  to   space 1792K, 0% used [0x94880000,0x94880000,0x94a40000)
 ParOldGen       total 30208K, used 6551K [0x67000000, 0x68d80000, 0x91ac0000)
  object space 30208K, 21% used [0x67000000,0x67665f98,0x68d80000)
 Metaspace       used 3527K, capacity 3612K, committed 3736K, reserved 4400K
}
Event: 10.270 GC heap before
{Heap before GC invocations=4 (full 0):
 PSYoungGen      total 24320K, used 24318K [0x91ac0000, 0x94a40000, 0xa7000000)
  eden space 22528K, 100% used [0x91ac0000,0x930c0000,0x930c0000)
  from space 1792K, 99% used [0x930c0000,0x9327f9b0,0x93280000)
  to   space 1792K, 0% used [0x94880000,0x94880000,0x94a40000)
 ParOldGen       total 30208K, used 6551K [0x67000000, 0x68d80000, 0x91ac0000)
  object space 30208K, 21% used [0x67000000,0x67665f98,0x68d80000)
 Metaspace       used 3631K, capacity 3708K, committed 3736K, reserved 4400K
Event: 10.355 GC heap after
Heap after GC invocations=4 (full 0):
 PSYoungGen      total 46848K, used 1784K [0x91ac0000, 0x94a40000, 0xa7000000)
  eden space 45056K, 0% used [0x91ac0000,0x91ac0000,0x946c0000)
  from space 1792K, 99% used [0x94880000,0x94a3e280,0x94a40000)
  to   space 1792K, 0% used [0x946c0000,0x946c0000,0x94880000)
 ParOldGen       total 30208K, used 10203K [0x67000000, 0x68d80000, 0x91ac0000)
  object space 30208K, 33% used [0x67000000,0x679f6f18,0x68d80000)
 Metaspace       used 3631K, capacity 3708K, committed 3736K, reserved 4400K
}

