# JRE version: Java(TM) SE Runtime Environment (8.0_20-b26) (build 1.8.0_20-b26)
# Java VM: Java HotSpot(TM) Server VM (25.20-b23 mixed mode linux-x86 )
Heap:
 PSYoungGen      total 46848K, used 1782K [0x91ac0000, 0x94a40000, 0xa7000000)
  eden space 45056K, 0% used [0x91ac0000,0x91ac0000,0x946c0000)
  from space 1792K, 99% used [0x946c0000,0x9487dac0,0x94880000)
  to   space 1792K, 0% used [0x94880000,0x94880000,0x94a40000)
 ParOldGen       total 30208K, used 16499K [0x67000000, 0x68d80000, 0x91ac0000)
  object space 30208K, 54% used [0x67000000,0x6801ce98,0x68d80000)
 Metaspace       used 3649K, capacity 3676K, committed 3736K, reserved 4400K
GC Heap History (9 events):
Event: 2.474 GC heap before
{Heap before GC invocations=1 (full 0):
 PSYoungGen      total 13056K, used 11264K [0x91ac0000, 0x92940000, 0xa7000000)
  eden space 11264K, 100% used [0x91ac0000,0x925c0000,0x925c0000)
  from space 1792K, 0% used [0x92780000,0x92780000,0x92940000)
  to   space 1792K, 0% used [0x925c0000,0x925c0000,0x92780000)
 ParOldGen       total 30208K, used 0K [0x67000000, 0x68d80000, 0x91ac0000)
  object space 30208K, 0% used [0x67000000,0x67000000,0x68d80000)
 Metaspace       used 3275K, capacity 3388K, committed 3480K, reserved 4400K
Event: 2.512 GC heap after
Heap after GC invocations=1 (full 0):
 PSYoungGen      total 13056K, used 1780K [0x91ac0000, 0x93440000, 0xa7000000)
  eden space 11264K, 0% used [0x91ac0000,0x91ac0000,0x925c0000)
  from space 1792K, 99% used [0x925c0000,0x9277d2a0,0x92780000)
  to   space 1792K, 0% used [0x93280000,0x93280000,0x93440000)
 ParOldGen       total 30208K, used 1287K [0x67000000, 0x68d80000, 0x91ac0000)
  object space 30208K, 4% used [0x67000000,0x67141dc8,0x68d80000)
 Metaspace       used 3275K, capacity 3388K, committed 3480K, reserved 4400K
}
Event: 3.806 GC heap before
{Heap before GC invocations=2 (full 0):
 PSYoungGen      total 13056K, used 13044K [0x91ac0000, 0x93440000, 0xa7000000)
  eden space 11264K, 100% used [0x91ac0000,0x925c0000,0x925c0000)
  from space 1792K, 99% used [0x925c0000,0x9277d2a0,0x92780000)
  to   space 1792K, 0% used [0x93280000,0x93280000,0x93440000)
 ParOldGen       total 30208K, used 1287K [0x67000000, 0x68d80000, 0x91ac0000)
  object space 30208K, 4% used [0x67000000,0x67141dc8,0x68d80000)
 Metaspace       used 3454K, capacity 3548K, committed 3608K, reserved 4400K
Event: 3.846 GC heap after
Heap after GC invocations=2 (full 0):
 PSYoungGen      total 24320K, used 1782K [0x91ac0000, 0x93440000, 0xa7000000)
  eden space 22528K, 0% used [0x91ac0000,0x91ac0000,0x930c0000)
  from space 1792K, 99% used [0x93280000,0x9343da98,0x93440000)
  to   space 1792K, 0% used [0x930c0000,0x930c0000,0x93280000)
 ParOldGen       total 30208K, used 2901K [0x67000000, 0x68d80000, 0x91ac0000)
  object space 30208K, 9% used [0x67000000,0x672d5448,0x68d80000)
 Metaspace       used 3454K, capacity 3548K, committed 3608K, reserved 4400K
}
Event: 5.070 GC heap before
{Heap before GC invocations=3 (full 0):
 PSYoungGen      total 24320K, used 24310K [0x91ac0000, 0x93440000, 0xa7000000)
  eden space 22528K, 100% used [0x91ac0000,0x930c0000,0x930c0000)
  from space 1792K, 99% used [0x93280000,0x9343da98,0x93440000)
  to   space 1792K, 0% used [0x930c0000,0x930c0000,0x93280000)
 ParOldGen       total 30208K, used 2901K [0x67000000, 0x68d80000, 0x91ac0000)
  object space 30208K, 9% used [0x67000000,0x672d5448,0x68d80000)
 Metaspace       used 3551K, capacity 3644K, committed 3736K, reserved 4400K
Event: 5.163 GC heap after
Heap after GC invocations=3 (full 0):
 PSYoungGen      total 24320K, used 1776K [0x91ac0000, 0x94a40000, 0xa7000000)
  eden space 22528K, 0% used [0x91ac0000,0x91ac0000,0x930c0000)
  from space 1792K, 99% used [0x930c0000,0x9327c328,0x93280000)
  to   space 1792K, 0% used [0x94880000,0x94880000,0x94a40000)
 ParOldGen       total 30208K, used 6461K [0x67000000, 0x68d80000, 0x91ac0000)
  object space 30208K, 21% used [0x67000000,0x6764f6f8,0x68d80000)
 Metaspace       used 3551K, capacity 3644K, committed 3736K, reserved 4400K
}
Event: 5.943 GC heap before
{Heap before GC invocations=4 (full 0):
 PSYoungGen      total 24320K, used 24304K [0x91ac0000, 0x94a40000, 0xa7000000)
  eden space 22528K, 100% used [0x91ac0000,0x930c0000,0x930c0000)
  from space 1792K, 99% used [0x930c0000,0x9327c328,0x93280000)
  to   space 1792K, 0% used [0x94880000,0x94880000,0x94a40000)
 ParOldGen       total 30208K, used 6461K [0x67000000, 0x68d80000, 0x91ac0000)
  object space 30208K, 21% used [0x67000000,0x6764f6f8,0x68d80000)
 Metaspace       used 3568K, capacity 3676K, committed 3736K, reserved 4400K
Event: 6.016 GC heap after
Heap after GC invocations=4 (full 0):
 PSYoungGen      total 46848K, used 1782K [0x91ac0000, 0x94a40000, 0xa7000000)
  eden space 45056K, 0% used [0x91ac0000,0x91ac0000,0x946c0000)
  from space 1792K, 99% used [0x94880000,0x94a3db20,0x94a40000)
  to   space 1792K, 0% used [0x946c0000,0x946c0000,0x94880000)
 ParOldGen       total 30208K, used 9948K [0x67000000, 0x68d80000, 0x91ac0000)
  object space 30208K, 32% used [0x67000000,0x679b73c0,0x68d80000)
 Metaspace       used 3568K, capacity 3676K, committed 3736K, reserved 4400K
}
Event: 7.634 GC heap before
{Heap before GC invocations=5 (full 0):
 PSYoungGen      total 46848K, used 46838K [0x91ac0000, 0x94a40000, 0xa7000000)
  eden space 45056K, 100% used [0x91ac0000,0x946c0000,0x946c0000)
  from space 1792K, 99% used [0x94880000,0x94a3db20,0x94a40000)
  to   space 1792K, 0% used [0x946c0000,0x946c0000,0x94880000)
 ParOldGen       total 30208K, used 9948K [0x67000000, 0x68d80000, 0x91ac0000)
  object space 30208K, 32% used [0x67000000,0x679b73c0,0x68d80000)
 Metaspace       used 3649K, capacity 3676K, committed 3736K, reserved 4400K

