# JRE version: Java(TM) SE Runtime Environment (8.0_20-b26) (build 1.8.0_20-b26)
# Java VM: Java HotSpot(TM) Server VM (25.20-b23 mixed mode linux-x86 )
Heap:
 PSYoungGen      total 284928K, used 885K [0x91ac0000, 0xa50c0000, 0xa7000000)
  eden space 259328K, 0% used [0x91ac0000,0x91ac0000,0xa1800000)
  from space 25600K, 3% used [0xa33c0000,0xa349d6f0,0xa4cc0000)
  to   space 28416K, 0% used [0xa1800000,0xa1800000,0xa33c0000)
 ParOldGen       total 81664K, used 81477K [0x67000000, 0x6bfc0000, 0x91ac0000)
  object space 81664K, 99% used [0x67000000,0x6bf91730,0x6bfc0000)
 Metaspace       used 37528K, capacity 38868K, committed 39040K, reserved 39216K
GC Heap History (10 events):
Event: 58.792 GC heap after
Heap after GC invocations=11 (full 1):
 PSYoungGen      total 240640K, used 14837K [0x91ac0000, 0xa2400000, 0xa7000000)
  eden space 225792K, 0% used [0x91ac0000,0x91ac0000,0x9f740000)
  from space 14848K, 99% used [0xa0b00000,0xa197d5b0,0xa1980000)
  to   space 20224K, 0% used [0x9f740000,0x9f740000,0xa0b00000)
 ParOldGen       total 41728K, used 37838K [0x67000000, 0x698c0000, 0x91ac0000)
  object space 41728K, 90% used [0x67000000,0x694f38e8,0x698c0000)
 Metaspace       used 25353K, capacity 25982K, committed 25984K, reserved 26928K
}
Event: 58.792 GC heap before
{Heap before GC invocations=12 (full 2):
 PSYoungGen      total 240640K, used 14837K [0x91ac0000, 0xa2400000, 0xa7000000)
  eden space 225792K, 0% used [0x91ac0000,0x91ac0000,0x9f740000)
  from space 14848K, 99% used [0xa0b00000,0xa197d5b0,0xa1980000)
  to   space 20224K, 0% used [0x9f740000,0x9f740000,0xa0b00000)
 ParOldGen       total 41728K, used 37838K [0x67000000, 0x698c0000, 0x91ac0000)
  object space 41728K, 90% used [0x67000000,0x694f38e8,0x698c0000)
 Metaspace       used 25353K, capacity 25982K, committed 25984K, reserved 26928K
Event: 60.239 GC heap after
Heap after GC invocations=12 (full 2):
 PSYoungGen      total 240640K, used 499K [0x91ac0000, 0xa2400000, 0xa7000000)
  eden space 225792K, 0% used [0x91ac0000,0x91ac0000,0x9f740000)
  from space 14848K, 3% used [0xa0b00000,0xa0b7cd08,0xa1980000)
  to   space 20224K, 0% used [0x9f740000,0x9f740000,0xa0b00000)
 ParOldGen       total 41728K, used 41620K [0x67000000, 0x698c0000, 0x91ac0000)
  object space 41728K, 99% used [0x67000000,0x698a52e8,0x698c0000)
 Metaspace       used 25333K, capacity 25942K, committed 25984K, reserved 26928K
}
Event: 79.060 GC heap before
{Heap before GC invocations=13 (full 3):
 PSYoungGen      total 240640K, used 226291K [0x91ac0000, 0xa2400000, 0xa7000000)
  eden space 225792K, 100% used [0x91ac0000,0x9f740000,0x9f740000)
  from space 14848K, 3% used [0xa0b00000,0xa0b7cd08,0xa1980000)
  to   space 20224K, 0% used [0x9f740000,0x9f740000,0xa0b00000)
 ParOldGen       total 41728K, used 41620K [0x67000000, 0x698c0000, 0x91ac0000)
  object space 41728K, 99% used [0x67000000,0x698a52e8,0x698c0000)
 Metaspace       used 29963K, capacity 30838K, committed 30848K, reserved 31024K
Event: 80.125 GC heap after
Heap after GC invocations=13 (full 3):
 PSYoungGen      total 240640K, used 14392K [0x91ac0000, 0xa2400000, 0xa7000000)
  eden space 225792K, 6% used [0x91ac0000,0x928ce3b0,0x9f740000)
  from space 14848K, 0% used [0xa0b00000,0xa0b00000,0xa1980000)
  to   space 20224K, 0% used [0x9f740000,0x9f740000,0xa0b00000)
 ParOldGen       total 81664K, used 41702K [0x67000000, 0x6bfc0000, 0x91ac0000)
  object space 81664K, 51% used [0x67000000,0x698b9950,0x6bfc0000)
 Metaspace       used 29963K, capacity 30838K, committed 30848K, reserved 31024K
}
Event: 91.094 GC heap before
{Heap before GC invocations=14 (full 3):
 PSYoungGen      total 240640K, used 225792K [0x91ac0000, 0xa2400000, 0xa7000000)
  eden space 225792K, 100% used [0x91ac0000,0x9f740000,0x9f740000)
  from space 14848K, 0% used [0xa0b00000,0xa0b00000,0xa1980000)
  to   space 20224K, 0% used [0x9f740000,0x9f740000,0xa0b00000)
 ParOldGen       total 81664K, used 41702K [0x67000000, 0x6bfc0000, 0x91ac0000)
  object space 81664K, 51% used [0x67000000,0x698b9950,0x6bfc0000)
 Metaspace       used 33230K, capacity 34369K, committed 34432K, reserved 35120K
Event: 91.205 GC heap after
Heap after GC invocations=14 (full 3):
 PSYoungGen      total 246016K, used 20219K [0x91ac0000, 0xa4cc0000, 0xa7000000)
  eden space 225792K, 0% used [0x91ac0000,0x91ac0000,0x9f740000)
  from space 20224K, 99% used [0x9f740000,0xa0afef70,0xa0b00000)
  to   space 25600K, 0% used [0xa33c0000,0xa33c0000,0xa4cc0000)
 ParOldGen       total 81664K, used 47196K [0x67000000, 0x6bfc0000, 0x91ac0000)
  object space 81664K, 57% used [0x67000000,0x69e17248,0x6bfc0000)
 Metaspace       used 33230K, capacity 34369K, committed 34432K, reserved 35120K
}
Event: 116.811 GC heap before
{Heap before GC invocations=15 (full 3):
 PSYoungGen      total 246016K, used 246011K [0x91ac0000, 0xa4cc0000, 0xa7000000)
  eden space 225792K, 100% used [0x91ac0000,0x9f740000,0x9f740000)
  from space 20224K, 99% used [0x9f740000,0xa0afef70,0xa0b00000)
  to   space 25600K, 0% used [0xa33c0000,0xa33c0000,0xa4cc0000)
 ParOldGen       total 81664K, used 47196K [0x67000000, 0x6bfc0000, 0x91ac0000)
  object space 81664K, 57% used [0x67000000,0x69e17248,0x6bfc0000)
 Metaspace       used 37567K, capacity 38948K, committed 39040K, reserved 39216K
Event: 117.078 GC heap after
Heap after GC invocations=15 (full 3):
 PSYoungGen      total 284928K, used 21672K [0x91ac0000, 0xa50c0000, 0xa7000000)
  eden space 259328K, 0% used [0x91ac0000,0x91ac0000,0xa1800000)
  from space 25600K, 84% used [0xa33c0000,0xa48ea170,0xa4cc0000)
  to   space 28416K, 0% used [0xa1800000,0xa1800000,0xa33c0000)
 ParOldGen       total 81664K, used 66867K [0x67000000, 0x6bfc0000, 0x91ac0000)
  object space 81664K, 81% used [0x67000000,0x6b14cea8,0x6bfc0000)
 Metaspace       used 37567K, capacity 38948K, committed 39040K, reserved 39216K
}
Event: 117.078 GC heap before
{Heap before GC invocations=16 (full 4):
 PSYoungGen      total 284928K, used 21672K [0x91ac0000, 0xa50c0000, 0xa7000000)
  eden space 259328K, 0% used [0x91ac0000,0x91ac0000,0xa1800000)
  from space 25600K, 84% used [0xa33c0000,0xa48ea170,0xa4cc0000)
  to   space 28416K, 0% used [0xa1800000,0xa1800000,0xa33c0000)
 ParOldGen       total 81664K, used 66867K [0x67000000, 0x6bfc0000, 0x91ac0000)
  object space 81664K, 81% used [0x67000000,0x6b14cea8,0x6bfc0000)
 Metaspace       used 37567K, capacity 38948K, committed 39040K, reserved 39216K

