# JRE version: Java(TM) SE Runtime Environment (8.0_20-b26) (build 1.8.0_20-b26)
# Java VM: Java HotSpot(TM) Server VM (25.20-b23 mixed mode linux-x86 )
Heap:
 PSYoungGen      total 161280K, used 36986K [0x91ac0000, 0x9e440000, 0xa7000000)
  eden space 116224K, 0% used [0x91ac0000,0x91ac0000,0x98c40000)
  from space 45056K, 82% used [0x98c40000,0x9b05e840,0x9b840000)
  to   space 43520K, 0% used [0x9b900000,0x9b900000,0x9e380000)
 ParOldGen       total 104448K, used 50217K [0x67000000, 0x6d600000, 0x91ac0000)
  object space 104448K, 48% used [0x67000000,0x6a10a568,0x6d600000)
 Metaspace       used 3464K, capacity 3580K, committed 3608K, reserved 4400K
GC Heap History (10 events):
Event: 4.140 GC heap after
Heap after GC invocations=7 (full 2):
 PSYoungGen      total 46848K, used 0K [0x91ac0000, 0x99540000, 0xa7000000)
  eden space 45056K, 0% used [0x91ac0000,0x91ac0000,0x946c0000)
  from space 1792K, 0% used [0x946c0000,0x946c0000,0x94880000)
  to   space 24320K, 0% used [0x97d80000,0x97d80000,0x99540000)
 ParOldGen       total 83200K, used 42831K [0x67000000, 0x6c140000, 0x91ac0000)
  object space 83200K, 51% used [0x67000000,0x699d3cf8,0x6c140000)
 Metaspace       used 3230K, capacity 3388K, committed 3480K, reserved 4400K
}
Event: 7.233 GC heap before
{Heap before GC invocations=8 (full 2):
 PSYoungGen      total 46848K, used 45056K [0x91ac0000, 0x99540000, 0xa7000000)
  eden space 45056K, 100% used [0x91ac0000,0x946c0000,0x946c0000)
  from space 1792K, 0% used [0x946c0000,0x946c0000,0x94880000)
  to   space 24320K, 0% used [0x97d80000,0x97d80000,0x99540000)
 ParOldGen       total 83200K, used 42831K [0x67000000, 0x6c140000, 0x91ac0000)
  object space 83200K, 51% used [0x67000000,0x699d3cf8,0x6c140000)
 Metaspace       used 3380K, capacity 3516K, committed 3608K, reserved 4400K
Event: 7.281 GC heap after
Heap after GC invocations=8 (full 2):
 PSYoungGen      total 85760K, used 14000K [0x91ac0000, 0x98cc0000, 0xa7000000)
  eden space 70144K, 0% used [0x91ac0000,0x91ac0000,0x95f40000)
  from space 15616K, 89% used [0x97d80000,0x98b2c2a0,0x98cc0000)
  to   space 23296K, 0% used [0x95f40000,0x95f40000,0x97600000)
 ParOldGen       total 83200K, used 42835K [0x67000000, 0x6c140000, 0x91ac0000)
  object space 83200K, 51% used [0x67000000,0x699d4cf8,0x6c140000)
 Metaspace       used 3380K, capacity 3516K, committed 3608K, reserved 4400K
}
Event: 7.447 GC heap before
{Heap before GC invocations=9 (full 2):
 PSYoungGen      total 85760K, used 84144K [0x91ac0000, 0x98cc0000, 0xa7000000)
  eden space 70144K, 100% used [0x91ac0000,0x95f40000,0x95f40000)
  from space 15616K, 89% used [0x97d80000,0x98b2c2a0,0x98cc0000)
  to   space 23296K, 0% used [0x95f40000,0x95f40000,0x97600000)
 ParOldGen       total 83200K, used 42835K [0x67000000, 0x6c140000, 0x91ac0000)
  object space 83200K, 51% used [0x67000000,0x699d4cf8,0x6c140000)
 Metaspace       used 3380K, capacity 3516K, committed 3608K, reserved 4400K
Event: 7.574 GC heap after
Heap after GC invocations=9 (full 2):
 PSYoungGen      total 93440K, used 23293K [0x91ac0000, 0x9e380000, 0xa7000000)
  eden space 70144K, 0% used [0x91ac0000,0x91ac0000,0x95f40000)
  from space 23296K, 99% used [0x95f40000,0x975ff608,0x97600000)
  to   space 43520K, 0% used [0x9b900000,0x9b900000,0x9e380000)
 ParOldGen       total 83200K, used 75179K [0x67000000, 0x6c140000, 0x91ac0000)
  object space 83200K, 90% used [0x67000000,0x6b96acf8,0x6c140000)
 Metaspace       used 3380K, capacity 3516K, committed 3608K, reserved 4400K
}
Event: 7.574 GC heap before
{Heap before GC invocations=10 (full 3):
 PSYoungGen      total 93440K, used 23293K [0x91ac0000, 0x9e380000, 0xa7000000)
  eden space 70144K, 0% used [0x91ac0000,0x91ac0000,0x95f40000)
  from space 23296K, 99% used [0x95f40000,0x975ff608,0x97600000)
  to   space 43520K, 0% used [0x9b900000,0x9b900000,0x9e380000)
 ParOldGen       total 83200K, used 75179K [0x67000000, 0x6c140000, 0x91ac0000)
  object space 83200K, 90% used [0x67000000,0x6b96acf8,0x6c140000)
 Metaspace       used 3380K, capacity 3516K, committed 3608K, reserved 4400K
Event: 7.811 GC heap after
Heap after GC invocations=10 (full 3):
 PSYoungGen      total 93440K, used 0K [0x91ac0000, 0x9e380000, 0xa7000000)
  eden space 70144K, 0% used [0x91ac0000,0x91ac0000,0x95f40000)
  from space 23296K, 0% used [0x95f40000,0x95f40000,0x97600000)
  to   space 43520K, 0% used [0x9b900000,0x9b900000,0x9e380000)
 ParOldGen       total 104448K, used 50209K [0x67000000, 0x6d600000, 0x91ac0000)
  object space 104448K, 48% used [0x67000000,0x6a108568,0x6d600000)
 Metaspace       used 3380K, capacity 3516K, committed 3608K, reserved 4400K
}
Event: 10.066 GC heap before
{Heap before GC invocations=11 (full 3):
 PSYoungGen      total 93440K, used 70144K [0x91ac0000, 0x9e380000, 0xa7000000)
  eden space 70144K, 100% used [0x91ac0000,0x95f40000,0x95f40000)
  from space 23296K, 0% used [0x95f40000,0x95f40000,0x97600000)
  to   space 43520K, 0% used [0x9b900000,0x9b900000,0x9e380000)
 ParOldGen       total 104448K, used 50209K [0x67000000, 0x6d600000, 0x91ac0000)
  object space 104448K, 48% used [0x67000000,0x6a108568,0x6d600000)
 Metaspace       used 3457K, capacity 3580K, committed 3608K, reserved 4400K
Event: 10.146 GC heap after
Heap after GC invocations=11 (full 3):
 PSYoungGen      total 159744K, used 28998K [0x91ac0000, 0x9e440000, 0xa7000000)
  eden space 116224K, 0% used [0x91ac0000,0x91ac0000,0x98c40000)
  from space 43520K, 66% used [0x9b900000,0x9d551800,0x9e380000)
  to   space 45056K, 0% used [0x98c40000,0x98c40000,0x9b840000)
 ParOldGen       total 104448K, used 50213K [0x67000000, 0x6d600000, 0x91ac0000)
  object space 104448K, 48% used [0x67000000,0x6a109568,0x6d600000)
 Metaspace       used 3457K, capacity 3580K, committed 3608K, reserved 4400K
}
Event: 12.245 GC heap before
{Heap before GC invocations=12 (full 3):
 PSYoungGen      total 159744K, used 145222K [0x91ac0000, 0x9e440000, 0xa7000000)
  eden space 116224K, 100% used [0x91ac0000,0x98c40000,0x98c40000)
  from space 43520K, 66% used [0x9b900000,0x9d551800,0x9e380000)
  to   space 45056K, 0% used [0x98c40000,0x98c40000,0x9b840000)
 ParOldGen       total 104448K, used 50213K [0x67000000, 0x6d600000, 0x91ac0000)
  object space 104448K, 48% used [0x67000000,0x6a109568,0x6d600000)
 Metaspace       used 3464K, capacity 3580K, committed 3608K, reserved 4400K

